{"timestamp":"2026-04-04T16:48:57.664328Z","level":"info","event":"Stats instance was created in PID 4375 but accessed in PID 4383. Re-initializing.","logger":"airflow.stats","filename":"stats.py","lineno":57}
{"timestamp":"2026-04-04T16:48:57.665634Z","level":"warning","event":"Could not import pandas. Holidays will not be considered.","logger":"airflow.example_dags.plugins.workday","filename":"workday.py","lineno":41}
{"timestamp":"2026-04-04T16:48:57.670393Z","level":"info","event":"DAG bundles loaded: dags-folder, example_dags","logger":"airflow.dag_processing.bundles.manager.DagBundlesManager","filename":"manager.py","lineno":179}
{"timestamp":"2026-04-04T16:48:57.670682Z","level":"info","event":"Filling up the DagBag from /Users/gowthamgoshike/projects/retailpulse_real_time_analytics/airflow/dags/spark.py","logger":"airflow.models.dagbag.BundleDagBag","filename":"dagbag.py","lineno":593}
{"timestamp":"2026-04-04T16:48:57.673921Z","level":"warning","event":"The `airflow.operators.bash.BashOperator` attribute is deprecated. Please use `'airflow.providers.standard.operators.bash.BashOperator'`.","category":"DeprecatedImportWarning","filename":"/Users/gowthamgoshike/projects/retailpulse_real_time_analytics/airflow/dags/spark.py","lineno":3,"logger":"py.warnings"}
{"timestamp":"2026-04-04T16:48:57.686964Z","level":"info","event":"Task instance is in running state","logger":"task.stdout"}
{"timestamp":"2026-04-04T16:48:57.687017Z","level":"info","event":" Previous state of the Task instance: TaskInstanceState.QUEUED","logger":"task.stdout"}
{"timestamp":"2026-04-04T16:48:57.687221Z","level":"info","event":"Current task name:user_activity","logger":"task.stdout"}
{"timestamp":"2026-04-04T16:48:57.687243Z","level":"info","event":"Dag name:spark_independent_pipeline","logger":"task.stdout"}
{"timestamp":"2026-04-04T16:48:57.687433Z","level":"info","event":"Tmp dir root location: /var/folders/y6/6k6wb8q12wz11vsjw9xfnycw0000gn/T","logger":"airflow.task.hooks.airflow.providers.standard.hooks.subprocess.SubprocessHook","filename":"subprocess.py","lineno":78}
{"timestamp":"2026-04-04T16:48:57.687720Z","level":"info","event":"Running command: ['/bin/bash', '-c', '\\n        source /Users/gowthamgoshike/projects/retailvenv/bin/activate\\n        cd /Users/gowthamgoshike/projects/retailpulse_real_time_analytics\\n\\n        spark-submit         --packages \\norg.apache.spark:spark-sql-kafka-0-10_2.12:3.5.8,\\norg.apache.hadoop:hadoop-aws:3.3.4,\\ncom.amazonaws:aws-java-sdk-bundle:1.12.262\\n         --py-files config.zip         spark_jobs/user_activity.py\\n        ']","logger":"airflow.task.hooks.airflow.providers.standard.hooks.subprocess.SubprocessHook","filename":"subprocess.py","lineno":80}
{"timestamp":"2026-04-04T16:48:57.690092Z","level":"info","event":"Output:","logger":"airflow.task.hooks.airflow.providers.standard.hooks.subprocess.SubprocessHook","filename":"subprocess.py","lineno":92}
{"timestamp":"2026-04-04T16:48:58.118765Z","level":"info","event":"Error: Missing argument for option '--packages'.","logger":"airflow.task.hooks.airflow.providers.standard.hooks.subprocess.SubprocessHook","filename":"subprocess.py","lineno":99}
{"timestamp":"2026-04-04T16:48:58.118887Z","level":"info","event":"","logger":"airflow.task.hooks.airflow.providers.standard.hooks.subprocess.SubprocessHook","filename":"subprocess.py","lineno":99}
{"timestamp":"2026-04-04T16:48:58.606925Z","level":"info","event":"Usage: spark-submit [options] <app jar | python file | R file> [app arguments]","logger":"airflow.task.hooks.airflow.providers.standard.hooks.subprocess.SubprocessHook","filename":"subprocess.py","lineno":99}
{"timestamp":"2026-04-04T16:48:58.607039Z","level":"info","event":"Usage: spark-submit --kill [submission ID] --master [spark://...]","logger":"airflow.task.hooks.airflow.providers.standard.hooks.subprocess.SubprocessHook","filename":"subprocess.py","lineno":99}
{"timestamp":"2026-04-04T16:48:58.607090Z","level":"info","event":"Usage: spark-submit --status [submission ID] --master [spark://...]","logger":"airflow.task.hooks.airflow.providers.standard.hooks.subprocess.SubprocessHook","filename":"subprocess.py","lineno":99}
{"timestamp":"2026-04-04T16:48:58.607105Z","level":"info","event":"Usage: spark-submit run-example [options] example-class [example args]","logger":"airflow.task.hooks.airflow.providers.standard.hooks.subprocess.SubprocessHook","filename":"subprocess.py","lineno":99}
{"timestamp":"2026-04-04T16:48:58.622125Z","level":"info","event":"","logger":"airflow.task.hooks.airflow.providers.standard.hooks.subprocess.SubprocessHook","filename":"subprocess.py","lineno":99}
{"timestamp":"2026-04-04T16:48:58.622206Z","level":"info","event":"Options:","logger":"airflow.task.hooks.airflow.providers.standard.hooks.subprocess.SubprocessHook","filename":"subprocess.py","lineno":99}
{"timestamp":"2026-04-04T16:48:58.622269Z","level":"info","event":"  --master MASTER_URL         spark://host:port, mesos://host:port, yarn,","logger":"airflow.task.hooks.airflow.providers.standard.hooks.subprocess.SubprocessHook","filename":"subprocess.py","lineno":99}
{"timestamp":"2026-04-04T16:48:58.622301Z","level":"info","event":"                              k8s://https://host:port, or local (Default: local[*]).","logger":"airflow.task.hooks.airflow.providers.standard.hooks.subprocess.SubprocessHook","filename":"subprocess.py","lineno":99}
{"timestamp":"2026-04-04T16:48:58.622323Z","level":"info","event":"  --deploy-mode DEPLOY_MODE   Whether to launch the driver program locally (\"client\") or","logger":"airflow.task.hooks.airflow.providers.standard.hooks.subprocess.SubprocessHook","filename":"subprocess.py","lineno":99}
{"timestamp":"2026-04-04T16:48:58.622348Z","level":"info","event":"                              on one of the worker machines inside the cluster (\"cluster\")","logger":"airflow.task.hooks.airflow.providers.standard.hooks.subprocess.SubprocessHook","filename":"subprocess.py","lineno":99}
{"timestamp":"2026-04-04T16:48:58.622366Z","level":"info","event":"                              (Default: client).","logger":"airflow.task.hooks.airflow.providers.standard.hooks.subprocess.SubprocessHook","filename":"subprocess.py","lineno":99}
{"timestamp":"2026-04-04T16:48:58.622390Z","level":"info","event":"  --class CLASS_NAME          Your application's main class (for Java / Scala apps).","logger":"airflow.task.hooks.airflow.providers.standard.hooks.subprocess.SubprocessHook","filename":"subprocess.py","lineno":99}
{"timestamp":"2026-04-04T16:48:58.622426Z","level":"info","event":"  --name NAME                 A name of your application.","logger":"airflow.task.hooks.airflow.providers.standard.hooks.subprocess.SubprocessHook","filename":"subprocess.py","lineno":99}
{"timestamp":"2026-04-04T16:48:58.622491Z","level":"info","event":"  --jars JARS                 Comma-separated list of jars to include on the driver","logger":"airflow.task.hooks.airflow.providers.standard.hooks.subprocess.SubprocessHook","filename":"subprocess.py","lineno":99}
{"timestamp":"2026-04-04T16:48:58.622515Z","level":"info","event":"                              and executor classpaths.","logger":"airflow.task.hooks.airflow.providers.standard.hooks.subprocess.SubprocessHook","filename":"subprocess.py","lineno":99}
{"timestamp":"2026-04-04T16:48:58.622535Z","level":"info","event":"  --packages                  Comma-separated list of maven coordinates of jars to include","logger":"airflow.task.hooks.airflow.providers.standard.hooks.subprocess.SubprocessHook","filename":"subprocess.py","lineno":99}
{"timestamp":"2026-04-04T16:48:58.622554Z","level":"info","event":"                              on the driver and executor classpaths. Will search the local","logger":"airflow.task.hooks.airflow.providers.standard.hooks.subprocess.SubprocessHook","filename":"subprocess.py","lineno":99}
{"timestamp":"2026-04-04T16:48:58.622575Z","level":"info","event":"                              maven repo, then maven central and any additional remote","logger":"airflow.task.hooks.airflow.providers.standard.hooks.subprocess.SubprocessHook","filename":"subprocess.py","lineno":99}
{"timestamp":"2026-04-04T16:48:58.622622Z","level":"info","event":"                              repositories given by --repositories. The format for the","logger":"airflow.task.hooks.airflow.providers.standard.hooks.subprocess.SubprocessHook","filename":"subprocess.py","lineno":99}
{"timestamp":"2026-04-04T16:48:58.622667Z","level":"info","event":"                              coordinates should be groupId:artifactId:version.","logger":"airflow.task.hooks.airflow.providers.standard.hooks.subprocess.SubprocessHook","filename":"subprocess.py","lineno":99}
{"timestamp":"2026-04-04T16:48:58.622689Z","level":"info","event":"  --exclude-packages          Comma-separated list of groupId:artifactId, to exclude while","logger":"airflow.task.hooks.airflow.providers.standard.hooks.subprocess.SubprocessHook","filename":"subprocess.py","lineno":99}
{"timestamp":"2026-04-04T16:48:58.622708Z","level":"info","event":"                              resolving the dependencies provided in --packages to avoid","logger":"airflow.task.hooks.airflow.providers.standard.hooks.subprocess.SubprocessHook","filename":"subprocess.py","lineno":99}
{"timestamp":"2026-04-04T16:48:58.622730Z","level":"info","event":"                              dependency conflicts.","logger":"airflow.task.hooks.airflow.providers.standard.hooks.subprocess.SubprocessHook","filename":"subprocess.py","lineno":99}
{"timestamp":"2026-04-04T16:48:58.622751Z","level":"info","event":"  --repositories              Comma-separated list of additional remote repositories to","logger":"airflow.task.hooks.airflow.providers.standard.hooks.subprocess.SubprocessHook","filename":"subprocess.py","lineno":99}
{"timestamp":"2026-04-04T16:48:58.622772Z","level":"info","event":"                              search for the maven coordinates given with --packages.","logger":"airflow.task.hooks.airflow.providers.standard.hooks.subprocess.SubprocessHook","filename":"subprocess.py","lineno":99}
{"timestamp":"2026-04-04T16:48:58.622789Z","level":"info","event":"  --py-files PY_FILES         Comma-separated list of .zip, .egg, or .py files to place","logger":"airflow.task.hooks.airflow.providers.standard.hooks.subprocess.SubprocessHook","filename":"subprocess.py","lineno":99}
{"timestamp":"2026-04-04T16:48:58.622807Z","level":"info","event":"                              on the PYTHONPATH for Python apps.","logger":"airflow.task.hooks.airflow.providers.standard.hooks.subprocess.SubprocessHook","filename":"subprocess.py","lineno":99}
{"timestamp":"2026-04-04T16:48:58.622825Z","level":"info","event":"  --files FILES               Comma-separated list of files to be placed in the working","logger":"airflow.task.hooks.airflow.providers.standard.hooks.subprocess.SubprocessHook","filename":"subprocess.py","lineno":99}
{"timestamp":"2026-04-04T16:48:58.622844Z","level":"info","event":"                              directory of each executor. File paths of these files","logger":"airflow.task.hooks.airflow.providers.standard.hooks.subprocess.SubprocessHook","filename":"subprocess.py","lineno":99}
{"timestamp":"2026-04-04T16:48:58.622862Z","level":"info","event":"                              in executors can be accessed via SparkFiles.get(fileName).","logger":"airflow.task.hooks.airflow.providers.standard.hooks.subprocess.SubprocessHook","filename":"subprocess.py","lineno":99}
{"timestamp":"2026-04-04T16:48:58.622879Z","level":"info","event":"  --archives ARCHIVES         Comma-separated list of archives to be extracted into the","logger":"airflow.task.hooks.airflow.providers.standard.hooks.subprocess.SubprocessHook","filename":"subprocess.py","lineno":99}
{"timestamp":"2026-04-04T16:48:58.622898Z","level":"info","event":"                              working directory of each executor.","logger":"airflow.task.hooks.airflow.providers.standard.hooks.subprocess.SubprocessHook","filename":"subprocess.py","lineno":99}
{"timestamp":"2026-04-04T16:48:58.622947Z","level":"info","event":"","logger":"airflow.task.hooks.airflow.providers.standard.hooks.subprocess.SubprocessHook","filename":"subprocess.py","lineno":99}
{"timestamp":"2026-04-04T16:48:58.622971Z","level":"info","event":"  --conf, -c PROP=VALUE       Arbitrary Spark configuration property.","logger":"airflow.task.hooks.airflow.providers.standard.hooks.subprocess.SubprocessHook","filename":"subprocess.py","lineno":99}
{"timestamp":"2026-04-04T16:48:58.622993Z","level":"info","event":"  --properties-file FILE      Path to a file from which to load extra properties. If not","logger":"airflow.task.hooks.airflow.providers.standard.hooks.subprocess.SubprocessHook","filename":"subprocess.py","lineno":99}
{"timestamp":"2026-04-04T16:48:58.623011Z","level":"info","event":"                              specified, this will look for conf/spark-defaults.conf.","logger":"airflow.task.hooks.airflow.providers.standard.hooks.subprocess.SubprocessHook","filename":"subprocess.py","lineno":99}
{"timestamp":"2026-04-04T16:48:58.623028Z","level":"info","event":"","logger":"airflow.task.hooks.airflow.providers.standard.hooks.subprocess.SubprocessHook","filename":"subprocess.py","lineno":99}
{"timestamp":"2026-04-04T16:48:58.623045Z","level":"info","event":"  --driver-memory MEM         Memory for driver (e.g. 1000M, 2G) (Default: 1024M).","logger":"airflow.task.hooks.airflow.providers.standard.hooks.subprocess.SubprocessHook","filename":"subprocess.py","lineno":99}
{"timestamp":"2026-04-04T16:48:58.623084Z","level":"info","event":"  --driver-java-options       Extra Java options to pass to the driver.","logger":"airflow.task.hooks.airflow.providers.standard.hooks.subprocess.SubprocessHook","filename":"subprocess.py","lineno":99}
{"timestamp":"2026-04-04T16:48:58.623101Z","level":"info","event":"  --driver-library-path       Extra library path entries to pass to the driver.","logger":"airflow.task.hooks.airflow.providers.standard.hooks.subprocess.SubprocessHook","filename":"subprocess.py","lineno":99}
{"timestamp":"2026-04-04T16:48:58.623110Z","level":"info","event":"  --driver-class-path         Extra class path entries to pass to the driver. Note that","logger":"airflow.task.hooks.airflow.providers.standard.hooks.subprocess.SubprocessHook","filename":"subprocess.py","lineno":99}
{"timestamp":"2026-04-04T16:48:58.623121Z","level":"info","event":"                              jars added with --jars are automatically included in the","logger":"airflow.task.hooks.airflow.providers.standard.hooks.subprocess.SubprocessHook","filename":"subprocess.py","lineno":99}
{"timestamp":"2026-04-04T16:48:58.623129Z","level":"info","event":"                              classpath.","logger":"airflow.task.hooks.airflow.providers.standard.hooks.subprocess.SubprocessHook","filename":"subprocess.py","lineno":99}
{"timestamp":"2026-04-04T16:48:58.623137Z","level":"info","event":"","logger":"airflow.task.hooks.airflow.providers.standard.hooks.subprocess.SubprocessHook","filename":"subprocess.py","lineno":99}
{"timestamp":"2026-04-04T16:48:58.623145Z","level":"info","event":"  --executor-memory MEM       Memory per executor (e.g. 1000M, 2G) (Default: 1G).","logger":"airflow.task.hooks.airflow.providers.standard.hooks.subprocess.SubprocessHook","filename":"subprocess.py","lineno":99}
{"timestamp":"2026-04-04T16:48:58.623155Z","level":"info","event":"","logger":"airflow.task.hooks.airflow.providers.standard.hooks.subprocess.SubprocessHook","filename":"subprocess.py","lineno":99}
{"timestamp":"2026-04-04T16:48:58.623165Z","level":"info","event":"  --proxy-user NAME           User to impersonate when submitting the application.","logger":"airflow.task.hooks.airflow.providers.standard.hooks.subprocess.SubprocessHook","filename":"subprocess.py","lineno":99}
{"timestamp":"2026-04-04T16:48:58.623172Z","level":"info","event":"                              This argument does not work with --principal / --keytab.","logger":"airflow.task.hooks.airflow.providers.standard.hooks.subprocess.SubprocessHook","filename":"subprocess.py","lineno":99}
{"timestamp":"2026-04-04T16:48:58.623179Z","level":"info","event":"","logger":"airflow.task.hooks.airflow.providers.standard.hooks.subprocess.SubprocessHook","filename":"subprocess.py","lineno":99}
{"timestamp":"2026-04-04T16:48:58.623187Z","level":"info","event":"  --help, -h                  Show this help message and exit.","logger":"airflow.task.hooks.airflow.providers.standard.hooks.subprocess.SubprocessHook","filename":"subprocess.py","lineno":99}
{"timestamp":"2026-04-04T16:48:58.623194Z","level":"info","event":"  --verbose, -v               Print additional debug output.","logger":"airflow.task.hooks.airflow.providers.standard.hooks.subprocess.SubprocessHook","filename":"subprocess.py","lineno":99}
{"timestamp":"2026-04-04T16:48:58.623201Z","level":"info","event":"  --version,                  Print the version of current Spark.","logger":"airflow.task.hooks.airflow.providers.standard.hooks.subprocess.SubprocessHook","filename":"subprocess.py","lineno":99}
{"timestamp":"2026-04-04T16:48:58.623209Z","level":"info","event":"","logger":"airflow.task.hooks.airflow.providers.standard.hooks.subprocess.SubprocessHook","filename":"subprocess.py","lineno":99}
{"timestamp":"2026-04-04T16:48:58.623218Z","level":"info","event":" Spark Connect only:","logger":"airflow.task.hooks.airflow.providers.standard.hooks.subprocess.SubprocessHook","filename":"subprocess.py","lineno":99}
{"timestamp":"2026-04-04T16:48:58.623225Z","level":"info","event":"   --remote CONNECT_URL       URL to connect to the server for Spark Connect, e.g.,","logger":"airflow.task.hooks.airflow.providers.standard.hooks.subprocess.SubprocessHook","filename":"subprocess.py","lineno":99}
{"timestamp":"2026-04-04T16:48:58.623232Z","level":"info","event":"                              sc://host:port. --master and --deploy-mode cannot be set","logger":"airflow.task.hooks.airflow.providers.standard.hooks.subprocess.SubprocessHook","filename":"subprocess.py","lineno":99}
{"timestamp":"2026-04-04T16:48:58.623239Z","level":"info","event":"                              together with this option. This option is experimental, and","logger":"airflow.task.hooks.airflow.providers.standard.hooks.subprocess.SubprocessHook","filename":"subprocess.py","lineno":99}
{"timestamp":"2026-04-04T16:48:58.623247Z","level":"info","event":"                              might change between minor releases.","logger":"airflow.task.hooks.airflow.providers.standard.hooks.subprocess.SubprocessHook","filename":"subprocess.py","lineno":99}
{"timestamp":"2026-04-04T16:48:58.623254Z","level":"info","event":"","logger":"airflow.task.hooks.airflow.providers.standard.hooks.subprocess.SubprocessHook","filename":"subprocess.py","lineno":99}
{"timestamp":"2026-04-04T16:48:58.623263Z","level":"info","event":" Cluster deploy mode only:","logger":"airflow.task.hooks.airflow.providers.standard.hooks.subprocess.SubprocessHook","filename":"subprocess.py","lineno":99}
{"timestamp":"2026-04-04T16:48:58.623270Z","level":"info","event":"  --driver-cores NUM          Number of cores used by the driver, only in cluster mode","logger":"airflow.task.hooks.airflow.providers.standard.hooks.subprocess.SubprocessHook","filename":"subprocess.py","lineno":99}
{"timestamp":"2026-04-04T16:48:58.623277Z","level":"info","event":"                              (Default: 1).","logger":"airflow.task.hooks.airflow.providers.standard.hooks.subprocess.SubprocessHook","filename":"subprocess.py","lineno":99}
{"timestamp":"2026-04-04T16:48:58.623287Z","level":"info","event":"","logger":"airflow.task.hooks.airflow.providers.standard.hooks.subprocess.SubprocessHook","filename":"subprocess.py","lineno":99}
{"timestamp":"2026-04-04T16:48:58.623294Z","level":"info","event":" Spark standalone or Mesos with cluster deploy mode only:","logger":"airflow.task.hooks.airflow.providers.standard.hooks.subprocess.SubprocessHook","filename":"subprocess.py","lineno":99}
{"timestamp":"2026-04-04T16:48:58.623301Z","level":"info","event":"  --supervise                 If given, restarts the driver on failure.","logger":"airflow.task.hooks.airflow.providers.standard.hooks.subprocess.SubprocessHook","filename":"subprocess.py","lineno":99}
{"timestamp":"2026-04-04T16:48:58.623308Z","level":"info","event":"","logger":"airflow.task.hooks.airflow.providers.standard.hooks.subprocess.SubprocessHook","filename":"subprocess.py","lineno":99}
{"timestamp":"2026-04-04T16:48:58.623315Z","level":"info","event":" Spark standalone, Mesos or K8s with cluster deploy mode only:","logger":"airflow.task.hooks.airflow.providers.standard.hooks.subprocess.SubprocessHook","filename":"subprocess.py","lineno":99}
{"timestamp":"2026-04-04T16:48:58.623323Z","level":"info","event":"  --kill SUBMISSION_ID        If given, kills the driver specified.","logger":"airflow.task.hooks.airflow.providers.standard.hooks.subprocess.SubprocessHook","filename":"subprocess.py","lineno":99}
{"timestamp":"2026-04-04T16:48:58.623332Z","level":"info","event":"  --status SUBMISSION_ID      If given, requests the status of the driver specified.","logger":"airflow.task.hooks.airflow.providers.standard.hooks.subprocess.SubprocessHook","filename":"subprocess.py","lineno":99}
{"timestamp":"2026-04-04T16:48:58.623758Z","level":"info","event":"","logger":"airflow.task.hooks.airflow.providers.standard.hooks.subprocess.SubprocessHook","filename":"subprocess.py","lineno":99}
{"timestamp":"2026-04-04T16:48:58.623824Z","level":"info","event":" Spark standalone and Mesos only:","logger":"airflow.task.hooks.airflow.providers.standard.hooks.subprocess.SubprocessHook","filename":"subprocess.py","lineno":99}
{"timestamp":"2026-04-04T16:48:58.623839Z","level":"info","event":"  --total-executor-cores NUM  Total cores for all executors.","logger":"airflow.task.hooks.airflow.providers.standard.hooks.subprocess.SubprocessHook","filename":"subprocess.py","lineno":99}
{"timestamp":"2026-04-04T16:48:58.623847Z","level":"info","event":"","logger":"airflow.task.hooks.airflow.providers.standard.hooks.subprocess.SubprocessHook","filename":"subprocess.py","lineno":99}
{"timestamp":"2026-04-04T16:48:58.623854Z","level":"info","event":" Spark standalone, YARN and Kubernetes only:","logger":"airflow.task.hooks.airflow.providers.standard.hooks.subprocess.SubprocessHook","filename":"subprocess.py","lineno":99}
{"timestamp":"2026-04-04T16:48:58.623861Z","level":"info","event":"  --executor-cores NUM        Number of cores used by each executor. (Default: 1 in","logger":"airflow.task.hooks.airflow.providers.standard.hooks.subprocess.SubprocessHook","filename":"subprocess.py","lineno":99}
{"timestamp":"2026-04-04T16:48:58.623868Z","level":"info","event":"                              YARN and K8S modes, or all available cores on the worker","logger":"airflow.task.hooks.airflow.providers.standard.hooks.subprocess.SubprocessHook","filename":"subprocess.py","lineno":99}
{"timestamp":"2026-04-04T16:48:58.623875Z","level":"info","event":"                              in standalone mode).","logger":"airflow.task.hooks.airflow.providers.standard.hooks.subprocess.SubprocessHook","filename":"subprocess.py","lineno":99}
{"timestamp":"2026-04-04T16:48:58.623881Z","level":"info","event":"","logger":"airflow.task.hooks.airflow.providers.standard.hooks.subprocess.SubprocessHook","filename":"subprocess.py","lineno":99}
{"timestamp":"2026-04-04T16:48:58.623888Z","level":"info","event":" Spark on YARN and Kubernetes only:","logger":"airflow.task.hooks.airflow.providers.standard.hooks.subprocess.SubprocessHook","filename":"subprocess.py","lineno":99}
{"timestamp":"2026-04-04T16:48:58.623895Z","level":"info","event":"  --num-executors NUM         Number of executors to launch (Default: 2).","logger":"airflow.task.hooks.airflow.providers.standard.hooks.subprocess.SubprocessHook","filename":"subprocess.py","lineno":99}
{"timestamp":"2026-04-04T16:48:58.623901Z","level":"info","event":"                              If dynamic allocation is enabled, the initial number of","logger":"airflow.task.hooks.airflow.providers.standard.hooks.subprocess.SubprocessHook","filename":"subprocess.py","lineno":99}
{"timestamp":"2026-04-04T16:48:58.623908Z","level":"info","event":"                              executors will be at least NUM.","logger":"airflow.task.hooks.airflow.providers.standard.hooks.subprocess.SubprocessHook","filename":"subprocess.py","lineno":99}
{"timestamp":"2026-04-04T16:48:58.623914Z","level":"info","event":"  --principal PRINCIPAL       Principal to be used to login to KDC.","logger":"airflow.task.hooks.airflow.providers.standard.hooks.subprocess.SubprocessHook","filename":"subprocess.py","lineno":99}
{"timestamp":"2026-04-04T16:48:58.623920Z","level":"info","event":"  --keytab KEYTAB             The full path to the file that contains the keytab for the","logger":"airflow.task.hooks.airflow.providers.standard.hooks.subprocess.SubprocessHook","filename":"subprocess.py","lineno":99}
{"timestamp":"2026-04-04T16:48:58.623927Z","level":"info","event":"                              principal specified above.","logger":"airflow.task.hooks.airflow.providers.standard.hooks.subprocess.SubprocessHook","filename":"subprocess.py","lineno":99}
{"timestamp":"2026-04-04T16:48:58.623933Z","level":"info","event":"","logger":"airflow.task.hooks.airflow.providers.standard.hooks.subprocess.SubprocessHook","filename":"subprocess.py","lineno":99}
{"timestamp":"2026-04-04T16:48:58.624082Z","level":"info","event":" Spark on YARN only:","logger":"airflow.task.hooks.airflow.providers.standard.hooks.subprocess.SubprocessHook","filename":"subprocess.py","lineno":99}
{"timestamp":"2026-04-04T16:48:58.624112Z","level":"info","event":"  --queue QUEUE_NAME          The YARN queue to submit to (Default: \"default\").","logger":"airflow.task.hooks.airflow.providers.standard.hooks.subprocess.SubprocessHook","filename":"subprocess.py","lineno":99}
{"timestamp":"2026-04-04T16:48:58.624131Z","level":"info","event":"","logger":"airflow.task.hooks.airflow.providers.standard.hooks.subprocess.SubprocessHook","filename":"subprocess.py","lineno":99}
{"timestamp":"2026-04-04T16:48:58.629551Z","level":"info","event":"/bin/bash: line 5: org.apache.spark:spark-sql-kafka-0-10_2.12:3.5.8,: command not found","logger":"airflow.task.hooks.airflow.providers.standard.hooks.subprocess.SubprocessHook","filename":"subprocess.py","lineno":99}
{"timestamp":"2026-04-04T16:48:58.630141Z","level":"info","event":"/bin/bash: line 6: org.apache.hadoop:hadoop-aws:3.3.4,: command not found","logger":"airflow.task.hooks.airflow.providers.standard.hooks.subprocess.SubprocessHook","filename":"subprocess.py","lineno":99}
{"timestamp":"2026-04-04T16:48:58.630903Z","level":"info","event":"/bin/bash: line 7: com.amazonaws:aws-java-sdk-bundle:1.12.262: command not found","logger":"airflow.task.hooks.airflow.providers.standard.hooks.subprocess.SubprocessHook","filename":"subprocess.py","lineno":99}
{"timestamp":"2026-04-04T16:48:58.631299Z","level":"info","event":"/bin/bash: line 8: --py-files: command not found","logger":"airflow.task.hooks.airflow.providers.standard.hooks.subprocess.SubprocessHook","filename":"subprocess.py","lineno":99}
{"timestamp":"2026-04-04T16:48:58.631623Z","level":"info","event":"Command exited with return code 127","logger":"airflow.task.hooks.airflow.providers.standard.hooks.subprocess.SubprocessHook","filename":"subprocess.py","lineno":103}
{"timestamp":"2026-04-04T16:48:58.631954Z","level":"error","event":"Task failed with exception","logger":"task","filename":"task_runner.py","lineno":1164,"error_detail":[{"exc_type":"AirflowException","exc_value":"Bash command failed. The command returned a non-zero exit code 127.","exc_notes":[],"syntax_error":null,"is_cause":false,"frames":[{"filename":"/Users/gowthamgoshike/projects/retailvenv/lib/python3.11/site-packages/airflow/sdk/execution_time/task_runner.py","lineno":1112,"name":"run"},{"filename":"/Users/gowthamgoshike/projects/retailvenv/lib/python3.11/site-packages/airflow/sdk/execution_time/task_runner.py","lineno":1528,"name":"_execute_task"},{"filename":"/Users/gowthamgoshike/projects/retailvenv/lib/python3.11/site-packages/airflow/sdk/bases/operator.py","lineno":417,"name":"wrapper"},{"filename":"/Users/gowthamgoshike/projects/retailvenv/lib/python3.11/site-packages/airflow/providers/standard/operators/bash.py","lineno":226,"name":"execute"}],"is_group":false,"exceptions":[]}]}
{"timestamp":"2026-04-04T16:48:58.644756Z","level":"info","event":"Task instance in failure state","logger":"task.stdout"}
{"timestamp":"2026-04-04T16:48:58.645147Z","level":"info","event":"Task start","logger":"task.stdout"}
{"timestamp":"2026-04-04T16:48:58.645172Z","level":"info","event":"Task:<Task(BashOperator): user_activity>","logger":"task.stdout"}
{"timestamp":"2026-04-04T16:48:58.645188Z","level":"info","event":"Failure caused by Bash command failed. The command returned a non-zero exit code 127.","logger":"task.stdout"}
