{"timestamp":"2026-04-04T16:50:22.993379Z","level":"info","event":"Stats instance was created in PID 4377 but accessed in PID 4713. Re-initializing.","logger":"airflow.stats","filename":"stats.py","lineno":57}
{"timestamp":"2026-04-04T16:50:22.995321Z","level":"warning","event":"Could not import pandas. Holidays will not be considered.","logger":"airflow.example_dags.plugins.workday","filename":"workday.py","lineno":41}
{"timestamp":"2026-04-04T16:50:23.000977Z","level":"info","event":"DAG bundles loaded: dags-folder, example_dags","logger":"airflow.dag_processing.bundles.manager.DagBundlesManager","filename":"manager.py","lineno":179}
{"timestamp":"2026-04-04T16:50:23.001259Z","level":"info","event":"Filling up the DagBag from /Users/gowthamgoshike/projects/retailpulse_real_time_analytics/airflow/dags/spark.py","logger":"airflow.models.dagbag.BundleDagBag","filename":"dagbag.py","lineno":593}
{"timestamp":"2026-04-04T16:50:23.004231Z","level":"warning","event":"The `airflow.operators.bash.BashOperator` attribute is deprecated. Please use `'airflow.providers.standard.operators.bash.BashOperator'`.","category":"DeprecatedImportWarning","filename":"/Users/gowthamgoshike/projects/retailpulse_real_time_analytics/airflow/dags/spark.py","lineno":3,"logger":"py.warnings"}
{"timestamp":"2026-04-04T16:50:23.019233Z","level":"info","event":"Task instance is in running state","logger":"task.stdout"}
{"timestamp":"2026-04-04T16:50:23.019351Z","level":"info","event":" Previous state of the Task instance: TaskInstanceState.QUEUED","logger":"task.stdout"}
{"timestamp":"2026-04-04T16:50:23.019606Z","level":"info","event":"Current task name:user_activity","logger":"task.stdout"}
{"timestamp":"2026-04-04T16:50:23.019670Z","level":"info","event":"Dag name:spark_independent_pipeline","logger":"task.stdout"}
{"timestamp":"2026-04-04T16:50:23.019818Z","level":"info","event":"Tmp dir root location: /var/folders/y6/6k6wb8q12wz11vsjw9xfnycw0000gn/T","logger":"airflow.task.hooks.airflow.providers.standard.hooks.subprocess.SubprocessHook","filename":"subprocess.py","lineno":78}
{"timestamp":"2026-04-04T16:50:23.020041Z","level":"info","event":"Running command: ['/bin/bash', '-c', '\\n        source /Users/gowthamgoshike/projects/retailvenv/bin/activate\\n        cd /Users/gowthamgoshike/projects/retailpulse_real_time_analytics\\n\\n        spark-submit         --packages \\norg.apache.spark:spark-sql-kafka-0-10_2.12:3.5.8,\\norg.apache.hadoop:hadoop-aws:3.3.4,\\ncom.amazonaws:aws-java-sdk-bundle:1.12.262\\n         --py-files config.zip         spark_jobs/user_activity.py\\n        ']","logger":"airflow.task.hooks.airflow.providers.standard.hooks.subprocess.SubprocessHook","filename":"subprocess.py","lineno":80}
{"timestamp":"2026-04-04T16:50:23.021835Z","level":"info","event":"Output:","logger":"airflow.task.hooks.airflow.providers.standard.hooks.subprocess.SubprocessHook","filename":"subprocess.py","lineno":92}
{"timestamp":"2026-04-04T16:50:23.116788Z","level":"info","event":"Error: Missing argument for option '--packages'.","logger":"airflow.task.hooks.airflow.providers.standard.hooks.subprocess.SubprocessHook","filename":"subprocess.py","lineno":99}
{"timestamp":"2026-04-04T16:50:23.116973Z","level":"info","event":"","logger":"airflow.task.hooks.airflow.providers.standard.hooks.subprocess.SubprocessHook","filename":"subprocess.py","lineno":99}
{"timestamp":"2026-04-04T16:50:23.640139Z","level":"info","event":"Usage: spark-submit [options] <app jar | python file | R file> [app arguments]","logger":"airflow.task.hooks.airflow.providers.standard.hooks.subprocess.SubprocessHook","filename":"subprocess.py","lineno":99}
{"timestamp":"2026-04-04T16:50:23.640252Z","level":"info","event":"Usage: spark-submit --kill [submission ID] --master [spark://...]","logger":"airflow.task.hooks.airflow.providers.standard.hooks.subprocess.SubprocessHook","filename":"subprocess.py","lineno":99}
{"timestamp":"2026-04-04T16:50:23.640289Z","level":"info","event":"Usage: spark-submit --status [submission ID] --master [spark://...]","logger":"airflow.task.hooks.airflow.providers.standard.hooks.subprocess.SubprocessHook","filename":"subprocess.py","lineno":99}
{"timestamp":"2026-04-04T16:50:23.640311Z","level":"info","event":"Usage: spark-submit run-example [options] example-class [example args]","logger":"airflow.task.hooks.airflow.providers.standard.hooks.subprocess.SubprocessHook","filename":"subprocess.py","lineno":99}
{"timestamp":"2026-04-04T16:50:23.651010Z","level":"info","event":"","logger":"airflow.task.hooks.airflow.providers.standard.hooks.subprocess.SubprocessHook","filename":"subprocess.py","lineno":99}
{"timestamp":"2026-04-04T16:50:23.651105Z","level":"info","event":"Options:","logger":"airflow.task.hooks.airflow.providers.standard.hooks.subprocess.SubprocessHook","filename":"subprocess.py","lineno":99}
{"timestamp":"2026-04-04T16:50:23.651127Z","level":"info","event":"  --master MASTER_URL         spark://host:port, mesos://host:port, yarn,","logger":"airflow.task.hooks.airflow.providers.standard.hooks.subprocess.SubprocessHook","filename":"subprocess.py","lineno":99}
{"timestamp":"2026-04-04T16:50:23.651146Z","level":"info","event":"                              k8s://https://host:port, or local (Default: local[*]).","logger":"airflow.task.hooks.airflow.providers.standard.hooks.subprocess.SubprocessHook","filename":"subprocess.py","lineno":99}
{"timestamp":"2026-04-04T16:50:23.651164Z","level":"info","event":"  --deploy-mode DEPLOY_MODE   Whether to launch the driver program locally (\"client\") or","logger":"airflow.task.hooks.airflow.providers.standard.hooks.subprocess.SubprocessHook","filename":"subprocess.py","lineno":99}
{"timestamp":"2026-04-04T16:50:23.651186Z","level":"info","event":"                              on one of the worker machines inside the cluster (\"cluster\")","logger":"airflow.task.hooks.airflow.providers.standard.hooks.subprocess.SubprocessHook","filename":"subprocess.py","lineno":99}
{"timestamp":"2026-04-04T16:50:23.651204Z","level":"info","event":"                              (Default: client).","logger":"airflow.task.hooks.airflow.providers.standard.hooks.subprocess.SubprocessHook","filename":"subprocess.py","lineno":99}
{"timestamp":"2026-04-04T16:50:23.651222Z","level":"info","event":"  --class CLASS_NAME          Your application's main class (for Java / Scala apps).","logger":"airflow.task.hooks.airflow.providers.standard.hooks.subprocess.SubprocessHook","filename":"subprocess.py","lineno":99}
{"timestamp":"2026-04-04T16:50:23.651239Z","level":"info","event":"  --name NAME                 A name of your application.","logger":"airflow.task.hooks.airflow.providers.standard.hooks.subprocess.SubprocessHook","filename":"subprocess.py","lineno":99}
{"timestamp":"2026-04-04T16:50:23.651256Z","level":"info","event":"  --jars JARS                 Comma-separated list of jars to include on the driver","logger":"airflow.task.hooks.airflow.providers.standard.hooks.subprocess.SubprocessHook","filename":"subprocess.py","lineno":99}
{"timestamp":"2026-04-04T16:50:23.651273Z","level":"info","event":"                              and executor classpaths.","logger":"airflow.task.hooks.airflow.providers.standard.hooks.subprocess.SubprocessHook","filename":"subprocess.py","lineno":99}
{"timestamp":"2026-04-04T16:50:23.651289Z","level":"info","event":"  --packages                  Comma-separated list of maven coordinates of jars to include","logger":"airflow.task.hooks.airflow.providers.standard.hooks.subprocess.SubprocessHook","filename":"subprocess.py","lineno":99}
{"timestamp":"2026-04-04T16:50:23.651306Z","level":"info","event":"                              on the driver and executor classpaths. Will search the local","logger":"airflow.task.hooks.airflow.providers.standard.hooks.subprocess.SubprocessHook","filename":"subprocess.py","lineno":99}
{"timestamp":"2026-04-04T16:50:23.651323Z","level":"info","event":"                              maven repo, then maven central and any additional remote","logger":"airflow.task.hooks.airflow.providers.standard.hooks.subprocess.SubprocessHook","filename":"subprocess.py","lineno":99}
{"timestamp":"2026-04-04T16:50:23.651339Z","level":"info","event":"                              repositories given by --repositories. The format for the","logger":"airflow.task.hooks.airflow.providers.standard.hooks.subprocess.SubprocessHook","filename":"subprocess.py","lineno":99}
{"timestamp":"2026-04-04T16:50:23.651362Z","level":"info","event":"                              coordinates should be groupId:artifactId:version.","logger":"airflow.task.hooks.airflow.providers.standard.hooks.subprocess.SubprocessHook","filename":"subprocess.py","lineno":99}
{"timestamp":"2026-04-04T16:50:23.651379Z","level":"info","event":"  --exclude-packages          Comma-separated list of groupId:artifactId, to exclude while","logger":"airflow.task.hooks.airflow.providers.standard.hooks.subprocess.SubprocessHook","filename":"subprocess.py","lineno":99}
{"timestamp":"2026-04-04T16:50:23.651396Z","level":"info","event":"                              resolving the dependencies provided in --packages to avoid","logger":"airflow.task.hooks.airflow.providers.standard.hooks.subprocess.SubprocessHook","filename":"subprocess.py","lineno":99}
{"timestamp":"2026-04-04T16:50:23.651412Z","level":"info","event":"                              dependency conflicts.","logger":"airflow.task.hooks.airflow.providers.standard.hooks.subprocess.SubprocessHook","filename":"subprocess.py","lineno":99}
{"timestamp":"2026-04-04T16:50:23.651428Z","level":"info","event":"  --repositories              Comma-separated list of additional remote repositories to","logger":"airflow.task.hooks.airflow.providers.standard.hooks.subprocess.SubprocessHook","filename":"subprocess.py","lineno":99}
{"timestamp":"2026-04-04T16:50:23.651444Z","level":"info","event":"                              search for the maven coordinates given with --packages.","logger":"airflow.task.hooks.airflow.providers.standard.hooks.subprocess.SubprocessHook","filename":"subprocess.py","lineno":99}
{"timestamp":"2026-04-04T16:50:23.651461Z","level":"info","event":"  --py-files PY_FILES         Comma-separated list of .zip, .egg, or .py files to place","logger":"airflow.task.hooks.airflow.providers.standard.hooks.subprocess.SubprocessHook","filename":"subprocess.py","lineno":99}
{"timestamp":"2026-04-04T16:50:23.651477Z","level":"info","event":"                              on the PYTHONPATH for Python apps.","logger":"airflow.task.hooks.airflow.providers.standard.hooks.subprocess.SubprocessHook","filename":"subprocess.py","lineno":99}
{"timestamp":"2026-04-04T16:50:23.651493Z","level":"info","event":"  --files FILES               Comma-separated list of files to be placed in the working","logger":"airflow.task.hooks.airflow.providers.standard.hooks.subprocess.SubprocessHook","filename":"subprocess.py","lineno":99}
{"timestamp":"2026-04-04T16:50:23.651509Z","level":"info","event":"                              directory of each executor. File paths of these files","logger":"airflow.task.hooks.airflow.providers.standard.hooks.subprocess.SubprocessHook","filename":"subprocess.py","lineno":99}
{"timestamp":"2026-04-04T16:50:23.651525Z","level":"info","event":"                              in executors can be accessed via SparkFiles.get(fileName).","logger":"airflow.task.hooks.airflow.providers.standard.hooks.subprocess.SubprocessHook","filename":"subprocess.py","lineno":99}
{"timestamp":"2026-04-04T16:50:23.651541Z","level":"info","event":"  --archives ARCHIVES         Comma-separated list of archives to be extracted into the","logger":"airflow.task.hooks.airflow.providers.standard.hooks.subprocess.SubprocessHook","filename":"subprocess.py","lineno":99}
{"timestamp":"2026-04-04T16:50:23.651558Z","level":"info","event":"                              working directory of each executor.","logger":"airflow.task.hooks.airflow.providers.standard.hooks.subprocess.SubprocessHook","filename":"subprocess.py","lineno":99}
{"timestamp":"2026-04-04T16:50:23.651574Z","level":"info","event":"","logger":"airflow.task.hooks.airflow.providers.standard.hooks.subprocess.SubprocessHook","filename":"subprocess.py","lineno":99}
{"timestamp":"2026-04-04T16:50:23.651590Z","level":"info","event":"  --conf, -c PROP=VALUE       Arbitrary Spark configuration property.","logger":"airflow.task.hooks.airflow.providers.standard.hooks.subprocess.SubprocessHook","filename":"subprocess.py","lineno":99}
{"timestamp":"2026-04-04T16:50:23.651606Z","level":"info","event":"  --properties-file FILE      Path to a file from which to load extra properties. If not","logger":"airflow.task.hooks.airflow.providers.standard.hooks.subprocess.SubprocessHook","filename":"subprocess.py","lineno":99}
{"timestamp":"2026-04-04T16:50:23.651622Z","level":"info","event":"                              specified, this will look for conf/spark-defaults.conf.","logger":"airflow.task.hooks.airflow.providers.standard.hooks.subprocess.SubprocessHook","filename":"subprocess.py","lineno":99}
{"timestamp":"2026-04-04T16:50:23.651638Z","level":"info","event":"","logger":"airflow.task.hooks.airflow.providers.standard.hooks.subprocess.SubprocessHook","filename":"subprocess.py","lineno":99}
{"timestamp":"2026-04-04T16:50:23.651654Z","level":"info","event":"  --driver-memory MEM         Memory for driver (e.g. 1000M, 2G) (Default: 1024M).","logger":"airflow.task.hooks.airflow.providers.standard.hooks.subprocess.SubprocessHook","filename":"subprocess.py","lineno":99}
{"timestamp":"2026-04-04T16:50:23.651671Z","level":"info","event":"  --driver-java-options       Extra Java options to pass to the driver.","logger":"airflow.task.hooks.airflow.providers.standard.hooks.subprocess.SubprocessHook","filename":"subprocess.py","lineno":99}
{"timestamp":"2026-04-04T16:50:23.651687Z","level":"info","event":"  --driver-library-path       Extra library path entries to pass to the driver.","logger":"airflow.task.hooks.airflow.providers.standard.hooks.subprocess.SubprocessHook","filename":"subprocess.py","lineno":99}
{"timestamp":"2026-04-04T16:50:23.651703Z","level":"info","event":"  --driver-class-path         Extra class path entries to pass to the driver. Note that","logger":"airflow.task.hooks.airflow.providers.standard.hooks.subprocess.SubprocessHook","filename":"subprocess.py","lineno":99}
{"timestamp":"2026-04-04T16:50:23.651719Z","level":"info","event":"                              jars added with --jars are automatically included in the","logger":"airflow.task.hooks.airflow.providers.standard.hooks.subprocess.SubprocessHook","filename":"subprocess.py","lineno":99}
{"timestamp":"2026-04-04T16:50:23.651735Z","level":"info","event":"                              classpath.","logger":"airflow.task.hooks.airflow.providers.standard.hooks.subprocess.SubprocessHook","filename":"subprocess.py","lineno":99}
{"timestamp":"2026-04-04T16:50:23.651752Z","level":"info","event":"","logger":"airflow.task.hooks.airflow.providers.standard.hooks.subprocess.SubprocessHook","filename":"subprocess.py","lineno":99}
{"timestamp":"2026-04-04T16:50:23.651768Z","level":"info","event":"  --executor-memory MEM       Memory per executor (e.g. 1000M, 2G) (Default: 1G).","logger":"airflow.task.hooks.airflow.providers.standard.hooks.subprocess.SubprocessHook","filename":"subprocess.py","lineno":99}
{"timestamp":"2026-04-04T16:50:23.651788Z","level":"info","event":"","logger":"airflow.task.hooks.airflow.providers.standard.hooks.subprocess.SubprocessHook","filename":"subprocess.py","lineno":99}
{"timestamp":"2026-04-04T16:50:23.651805Z","level":"info","event":"  --proxy-user NAME           User to impersonate when submitting the application.","logger":"airflow.task.hooks.airflow.providers.standard.hooks.subprocess.SubprocessHook","filename":"subprocess.py","lineno":99}
{"timestamp":"2026-04-04T16:50:23.651821Z","level":"info","event":"                              This argument does not work with --principal / --keytab.","logger":"airflow.task.hooks.airflow.providers.standard.hooks.subprocess.SubprocessHook","filename":"subprocess.py","lineno":99}
{"timestamp":"2026-04-04T16:50:23.651837Z","level":"info","event":"","logger":"airflow.task.hooks.airflow.providers.standard.hooks.subprocess.SubprocessHook","filename":"subprocess.py","lineno":99}
{"timestamp":"2026-04-04T16:50:23.651854Z","level":"info","event":"  --help, -h                  Show this help message and exit.","logger":"airflow.task.hooks.airflow.providers.standard.hooks.subprocess.SubprocessHook","filename":"subprocess.py","lineno":99}
{"timestamp":"2026-04-04T16:50:23.651870Z","level":"info","event":"  --verbose, -v               Print additional debug output.","logger":"airflow.task.hooks.airflow.providers.standard.hooks.subprocess.SubprocessHook","filename":"subprocess.py","lineno":99}
{"timestamp":"2026-04-04T16:50:23.651887Z","level":"info","event":"  --version,                  Print the version of current Spark.","logger":"airflow.task.hooks.airflow.providers.standard.hooks.subprocess.SubprocessHook","filename":"subprocess.py","lineno":99}
{"timestamp":"2026-04-04T16:50:23.651903Z","level":"info","event":"","logger":"airflow.task.hooks.airflow.providers.standard.hooks.subprocess.SubprocessHook","filename":"subprocess.py","lineno":99}
{"timestamp":"2026-04-04T16:50:23.651918Z","level":"info","event":" Spark Connect only:","logger":"airflow.task.hooks.airflow.providers.standard.hooks.subprocess.SubprocessHook","filename":"subprocess.py","lineno":99}
{"timestamp":"2026-04-04T16:50:23.651934Z","level":"info","event":"   --remote CONNECT_URL       URL to connect to the server for Spark Connect, e.g.,","logger":"airflow.task.hooks.airflow.providers.standard.hooks.subprocess.SubprocessHook","filename":"subprocess.py","lineno":99}
{"timestamp":"2026-04-04T16:50:23.651950Z","level":"info","event":"                              sc://host:port. --master and --deploy-mode cannot be set","logger":"airflow.task.hooks.airflow.providers.standard.hooks.subprocess.SubprocessHook","filename":"subprocess.py","lineno":99}
{"timestamp":"2026-04-04T16:50:23.651967Z","level":"info","event":"                              together with this option. This option is experimental, and","logger":"airflow.task.hooks.airflow.providers.standard.hooks.subprocess.SubprocessHook","filename":"subprocess.py","lineno":99}
{"timestamp":"2026-04-04T16:50:23.651983Z","level":"info","event":"                              might change between minor releases.","logger":"airflow.task.hooks.airflow.providers.standard.hooks.subprocess.SubprocessHook","filename":"subprocess.py","lineno":99}
{"timestamp":"2026-04-04T16:50:23.651999Z","level":"info","event":"","logger":"airflow.task.hooks.airflow.providers.standard.hooks.subprocess.SubprocessHook","filename":"subprocess.py","lineno":99}
{"timestamp":"2026-04-04T16:50:23.652015Z","level":"info","event":" Cluster deploy mode only:","logger":"airflow.task.hooks.airflow.providers.standard.hooks.subprocess.SubprocessHook","filename":"subprocess.py","lineno":99}
{"timestamp":"2026-04-04T16:50:23.652031Z","level":"info","event":"  --driver-cores NUM          Number of cores used by the driver, only in cluster mode","logger":"airflow.task.hooks.airflow.providers.standard.hooks.subprocess.SubprocessHook","filename":"subprocess.py","lineno":99}
{"timestamp":"2026-04-04T16:50:23.652047Z","level":"info","event":"                              (Default: 1).","logger":"airflow.task.hooks.airflow.providers.standard.hooks.subprocess.SubprocessHook","filename":"subprocess.py","lineno":99}
{"timestamp":"2026-04-04T16:50:23.652123Z","level":"info","event":"","logger":"airflow.task.hooks.airflow.providers.standard.hooks.subprocess.SubprocessHook","filename":"subprocess.py","lineno":99}
{"timestamp":"2026-04-04T16:50:23.652140Z","level":"info","event":" Spark standalone or Mesos with cluster deploy mode only:","logger":"airflow.task.hooks.airflow.providers.standard.hooks.subprocess.SubprocessHook","filename":"subprocess.py","lineno":99}
{"timestamp":"2026-04-04T16:50:23.652157Z","level":"info","event":"  --supervise                 If given, restarts the driver on failure.","logger":"airflow.task.hooks.airflow.providers.standard.hooks.subprocess.SubprocessHook","filename":"subprocess.py","lineno":99}
{"timestamp":"2026-04-04T16:50:23.652173Z","level":"info","event":"","logger":"airflow.task.hooks.airflow.providers.standard.hooks.subprocess.SubprocessHook","filename":"subprocess.py","lineno":99}
{"timestamp":"2026-04-04T16:50:23.652192Z","level":"info","event":" Spark standalone, Mesos or K8s with cluster deploy mode only:","logger":"airflow.task.hooks.airflow.providers.standard.hooks.subprocess.SubprocessHook","filename":"subprocess.py","lineno":99}
{"timestamp":"2026-04-04T16:50:23.652242Z","level":"info","event":"  --kill SUBMISSION_ID        If given, kills the driver specified.","logger":"airflow.task.hooks.airflow.providers.standard.hooks.subprocess.SubprocessHook","filename":"subprocess.py","lineno":99}
{"timestamp":"2026-04-04T16:50:23.652268Z","level":"info","event":"  --status SUBMISSION_ID      If given, requests the status of the driver specified.","logger":"airflow.task.hooks.airflow.providers.standard.hooks.subprocess.SubprocessHook","filename":"subprocess.py","lineno":99}
{"timestamp":"2026-04-04T16:50:23.652287Z","level":"info","event":"","logger":"airflow.task.hooks.airflow.providers.standard.hooks.subprocess.SubprocessHook","filename":"subprocess.py","lineno":99}
{"timestamp":"2026-04-04T16:50:23.652306Z","level":"info","event":" Spark standalone and Mesos only:","logger":"airflow.task.hooks.airflow.providers.standard.hooks.subprocess.SubprocessHook","filename":"subprocess.py","lineno":99}
{"timestamp":"2026-04-04T16:50:23.652323Z","level":"info","event":"  --total-executor-cores NUM  Total cores for all executors.","logger":"airflow.task.hooks.airflow.providers.standard.hooks.subprocess.SubprocessHook","filename":"subprocess.py","lineno":99}
{"timestamp":"2026-04-04T16:50:23.652342Z","level":"info","event":"","logger":"airflow.task.hooks.airflow.providers.standard.hooks.subprocess.SubprocessHook","filename":"subprocess.py","lineno":99}
{"timestamp":"2026-04-04T16:50:23.652360Z","level":"info","event":" Spark standalone, YARN and Kubernetes only:","logger":"airflow.task.hooks.airflow.providers.standard.hooks.subprocess.SubprocessHook","filename":"subprocess.py","lineno":99}
{"timestamp":"2026-04-04T16:50:23.652378Z","level":"info","event":"  --executor-cores NUM        Number of cores used by each executor. (Default: 1 in","logger":"airflow.task.hooks.airflow.providers.standard.hooks.subprocess.SubprocessHook","filename":"subprocess.py","lineno":99}
{"timestamp":"2026-04-04T16:50:23.652395Z","level":"info","event":"                              YARN and K8S modes, or all available cores on the worker","logger":"airflow.task.hooks.airflow.providers.standard.hooks.subprocess.SubprocessHook","filename":"subprocess.py","lineno":99}
{"timestamp":"2026-04-04T16:50:23.652413Z","level":"info","event":"                              in standalone mode).","logger":"airflow.task.hooks.airflow.providers.standard.hooks.subprocess.SubprocessHook","filename":"subprocess.py","lineno":99}
{"timestamp":"2026-04-04T16:50:23.652475Z","level":"info","event":"","logger":"airflow.task.hooks.airflow.providers.standard.hooks.subprocess.SubprocessHook","filename":"subprocess.py","lineno":99}
{"timestamp":"2026-04-04T16:50:23.652490Z","level":"info","event":" Spark on YARN and Kubernetes only:","logger":"airflow.task.hooks.airflow.providers.standard.hooks.subprocess.SubprocessHook","filename":"subprocess.py","lineno":99}
{"timestamp":"2026-04-04T16:50:23.652715Z","level":"info","event":"  --num-executors NUM         Number of executors to launch (Default: 2).","logger":"airflow.task.hooks.airflow.providers.standard.hooks.subprocess.SubprocessHook","filename":"subprocess.py","lineno":99}
{"timestamp":"2026-04-04T16:50:23.652741Z","level":"info","event":"                              If dynamic allocation is enabled, the initial number of","logger":"airflow.task.hooks.airflow.providers.standard.hooks.subprocess.SubprocessHook","filename":"subprocess.py","lineno":99}
{"timestamp":"2026-04-04T16:50:23.652758Z","level":"info","event":"                              executors will be at least NUM.","logger":"airflow.task.hooks.airflow.providers.standard.hooks.subprocess.SubprocessHook","filename":"subprocess.py","lineno":99}
{"timestamp":"2026-04-04T16:50:23.652777Z","level":"info","event":"  --principal PRINCIPAL       Principal to be used to login to KDC.","logger":"airflow.task.hooks.airflow.providers.standard.hooks.subprocess.SubprocessHook","filename":"subprocess.py","lineno":99}
{"timestamp":"2026-04-04T16:50:23.652794Z","level":"info","event":"  --keytab KEYTAB             The full path to the file that contains the keytab for the","logger":"airflow.task.hooks.airflow.providers.standard.hooks.subprocess.SubprocessHook","filename":"subprocess.py","lineno":99}
{"timestamp":"2026-04-04T16:50:23.652811Z","level":"info","event":"                              principal specified above.","logger":"airflow.task.hooks.airflow.providers.standard.hooks.subprocess.SubprocessHook","filename":"subprocess.py","lineno":99}
{"timestamp":"2026-04-04T16:50:23.652828Z","level":"info","event":"","logger":"airflow.task.hooks.airflow.providers.standard.hooks.subprocess.SubprocessHook","filename":"subprocess.py","lineno":99}
{"timestamp":"2026-04-04T16:50:23.652845Z","level":"info","event":" Spark on YARN only:","logger":"airflow.task.hooks.airflow.providers.standard.hooks.subprocess.SubprocessHook","filename":"subprocess.py","lineno":99}
{"timestamp":"2026-04-04T16:50:23.652862Z","level":"info","event":"  --queue QUEUE_NAME          The YARN queue to submit to (Default: \"default\").","logger":"airflow.task.hooks.airflow.providers.standard.hooks.subprocess.SubprocessHook","filename":"subprocess.py","lineno":99}
{"timestamp":"2026-04-04T16:50:23.652879Z","level":"info","event":"","logger":"airflow.task.hooks.airflow.providers.standard.hooks.subprocess.SubprocessHook","filename":"subprocess.py","lineno":99}
{"timestamp":"2026-04-04T16:50:23.656997Z","level":"info","event":"/bin/bash: line 5: org.apache.spark:spark-sql-kafka-0-10_2.12:3.5.8,: command not found","logger":"airflow.task.hooks.airflow.providers.standard.hooks.subprocess.SubprocessHook","filename":"subprocess.py","lineno":99}
{"timestamp":"2026-04-04T16:50:23.657456Z","level":"info","event":"/bin/bash: line 6: org.apache.hadoop:hadoop-aws:3.3.4,: command not found","logger":"airflow.task.hooks.airflow.providers.standard.hooks.subprocess.SubprocessHook","filename":"subprocess.py","lineno":99}
{"timestamp":"2026-04-04T16:50:23.657999Z","level":"info","event":"/bin/bash: line 7: com.amazonaws:aws-java-sdk-bundle:1.12.262: command not found","logger":"airflow.task.hooks.airflow.providers.standard.hooks.subprocess.SubprocessHook","filename":"subprocess.py","lineno":99}
{"timestamp":"2026-04-04T16:50:23.658558Z","level":"info","event":"/bin/bash: line 8: --py-files: command not found","logger":"airflow.task.hooks.airflow.providers.standard.hooks.subprocess.SubprocessHook","filename":"subprocess.py","lineno":99}
{"timestamp":"2026-04-04T16:50:23.658890Z","level":"info","event":"Command exited with return code 127","logger":"airflow.task.hooks.airflow.providers.standard.hooks.subprocess.SubprocessHook","filename":"subprocess.py","lineno":103}
{"timestamp":"2026-04-04T16:50:23.659271Z","level":"error","event":"Task failed with exception","logger":"task","filename":"task_runner.py","lineno":1164,"error_detail":[{"exc_type":"AirflowException","exc_value":"Bash command failed. The command returned a non-zero exit code 127.","exc_notes":[],"syntax_error":null,"is_cause":false,"frames":[{"filename":"/Users/gowthamgoshike/projects/retailvenv/lib/python3.11/site-packages/airflow/sdk/execution_time/task_runner.py","lineno":1112,"name":"run"},{"filename":"/Users/gowthamgoshike/projects/retailvenv/lib/python3.11/site-packages/airflow/sdk/execution_time/task_runner.py","lineno":1528,"name":"_execute_task"},{"filename":"/Users/gowthamgoshike/projects/retailvenv/lib/python3.11/site-packages/airflow/sdk/bases/operator.py","lineno":417,"name":"wrapper"},{"filename":"/Users/gowthamgoshike/projects/retailvenv/lib/python3.11/site-packages/airflow/providers/standard/operators/bash.py","lineno":226,"name":"execute"}],"is_group":false,"exceptions":[]}]}
{"timestamp":"2026-04-04T16:50:23.667263Z","level":"info","event":"Task instance in failure state","logger":"task.stdout"}
{"timestamp":"2026-04-04T16:50:23.667702Z","level":"info","event":"Task start","logger":"task.stdout"}
{"timestamp":"2026-04-04T16:50:23.667766Z","level":"info","event":"Task:<Task(BashOperator): user_activity>","logger":"task.stdout"}
{"timestamp":"2026-04-04T16:50:23.667797Z","level":"info","event":"Failure caused by Bash command failed. The command returned a non-zero exit code 127.","logger":"task.stdout"}
