{"timestamp":"2026-04-04T17:29:45.274628Z","level":"info","event":"Stats instance was created in PID 91458 but accessed in PID 12347. Re-initializing.","logger":"airflow.stats","filename":"stats.py","lineno":57}
{"timestamp":"2026-04-04T17:29:45.276232Z","level":"warning","event":"Could not import pandas. Holidays will not be considered.","logger":"airflow.example_dags.plugins.workday","filename":"workday.py","lineno":41}
{"timestamp":"2026-04-04T17:29:45.282832Z","level":"info","event":"DAG bundles loaded: dags-folder, example_dags","logger":"airflow.dag_processing.bundles.manager.DagBundlesManager","filename":"manager.py","lineno":179}
{"timestamp":"2026-04-04T17:29:45.283178Z","level":"info","event":"Filling up the DagBag from /Users/gowthamgoshike/projects/retailpulse_real_time_analytics/airflow/dags/spark_automate.py","logger":"airflow.models.dagbag.BundleDagBag","filename":"dagbag.py","lineno":593}
{"timestamp":"2026-04-04T17:29:45.298992Z","level":"info","event":"Task instance is in running state","logger":"task.stdout"}
{"timestamp":"2026-04-04T17:29:45.299067Z","level":"info","event":" Previous state of the Task instance: TaskInstanceState.QUEUED","logger":"task.stdout"}
{"timestamp":"2026-04-04T17:29:45.299543Z","level":"info","event":"Current task name:spark_orders_transactions","logger":"task.stdout"}
{"timestamp":"2026-04-04T17:29:45.299583Z","level":"info","event":"Dag name:retailpulse_parallel_producers_spark_staggered","logger":"task.stdout"}
{"timestamp":"2026-04-04T17:29:45.299911Z","level":"info","event":"Tmp dir root location: /var/folders/y6/6k6wb8q12wz11vsjw9xfnycw0000gn/T","logger":"airflow.task.hooks.airflow.providers.standard.hooks.subprocess.SubprocessHook","filename":"subprocess.py","lineno":78}
{"timestamp":"2026-04-04T17:29:45.300116Z","level":"info","event":"Running command: ['/bin/bash', '-c', '\\n        source /Users/gowthamgoshike/projects/retailvenv/bin/activate\\n        cd /Users/gowthamgoshike/projects/retailpulse_real_time_analytics\\n        sleep 60\\n        spark-submit --packages org.apache.spark:spark-sql-kafka-0-10_2.12:3.5.8,org.apache.hadoop:hadoop-aws:3.3.4,com.amazonaws:aws-java-sdk-bundle:1.12.262 --py-files config.zip /Users/gowthamgoshike/projects/retailpulse_real_time_analytics/spark_jobs/orders_transactions.py\\n        ']","logger":"airflow.task.hooks.airflow.providers.standard.hooks.subprocess.SubprocessHook","filename":"subprocess.py","lineno":80}
{"timestamp":"2026-04-04T17:29:45.302322Z","level":"info","event":"Output:","logger":"airflow.task.hooks.airflow.providers.standard.hooks.subprocess.SubprocessHook","filename":"subprocess.py","lineno":92}
{"timestamp":"2026-04-04T17:29:55.330928Z","level":"error","event":"Server indicated the task shouldn't be running anymore. Terminating process","detail":{"detail":{"reason":"not_running","message":"TI is no longer in the running state and task should terminate","current_state":"success"}},"logger":"task"}
{"timestamp":"2026-04-04T17:29:55.331362Z","level":"info","event":"Sending SIGTERM signal to process group","logger":"airflow.task.hooks.airflow.providers.standard.hooks.subprocess.SubprocessHook","filename":"subprocess.py","lineno":110}
{"timestamp":"2026-04-04T17:29:55.332191Z","level":"info","event":"Command exited with return code -15","logger":"airflow.task.hooks.airflow.providers.standard.hooks.subprocess.SubprocessHook","filename":"subprocess.py","lineno":103}
{"timestamp":"2026-04-04T17:29:55.333050Z","level":"error","event":"Task failed with exception","logger":"task","filename":"task_runner.py","lineno":1164,"error_detail":[{"exc_type":"AirflowException","exc_value":"Bash command failed. The command returned a non-zero exit code -15.","exc_notes":[],"syntax_error":null,"is_cause":false,"frames":[{"filename":"/Users/gowthamgoshike/projects/retailvenv/lib/python3.11/site-packages/airflow/sdk/execution_time/task_runner.py","lineno":1112,"name":"run"},{"filename":"/Users/gowthamgoshike/projects/retailvenv/lib/python3.11/site-packages/airflow/sdk/execution_time/task_runner.py","lineno":1528,"name":"_execute_task"},{"filename":"/Users/gowthamgoshike/projects/retailvenv/lib/python3.11/site-packages/airflow/sdk/bases/operator.py","lineno":417,"name":"wrapper"},{"filename":"/Users/gowthamgoshike/projects/retailvenv/lib/python3.11/site-packages/airflow/providers/standard/operators/bash.py","lineno":226,"name":"execute"}],"is_group":false,"exceptions":[]}]}
{"timestamp":"2026-04-04T17:29:55.334100Z","level":"info","event":"Task instance in failure state","logger":"task.stdout"}
{"timestamp":"2026-04-04T17:29:55.335031Z","level":"info","event":"Task start","logger":"task.stdout"}
{"timestamp":"2026-04-04T17:29:55.335187Z","level":"info","event":"Task:<Task(BashOperator): spark_orders_transactions>","logger":"task.stdout"}
{"timestamp":"2026-04-04T17:29:55.338643Z","level":"error","event":"Task killed!","logger":"task"}
{"timestamp":"2026-04-04T17:29:55.338751Z","level":"info","event":"Failure caused by Bash command failed. The command returned a non-zero exit code -15.","logger":"task.stdout"}
