{"timestamp":"2026-04-04T17:29:59.173929Z","level":"info","event":"Stats instance was created in PID 4376 but accessed in PID 12386. Re-initializing.","logger":"airflow.stats","filename":"stats.py","lineno":57}
{"timestamp":"2026-04-04T17:29:59.176233Z","level":"warning","event":"Could not import pandas. Holidays will not be considered.","logger":"airflow.example_dags.plugins.workday","filename":"workday.py","lineno":41}
{"timestamp":"2026-04-04T17:29:59.188271Z","level":"info","event":"DAG bundles loaded: dags-folder, example_dags","logger":"airflow.dag_processing.bundles.manager.DagBundlesManager","filename":"manager.py","lineno":179}
{"timestamp":"2026-04-04T17:29:59.188873Z","level":"info","event":"Filling up the DagBag from /Users/gowthamgoshike/projects/retailpulse_real_time_analytics/airflow/dags/spark_automate.py","logger":"airflow.models.dagbag.BundleDagBag","filename":"dagbag.py","lineno":593}
{"timestamp":"2026-04-04T17:29:59.232661Z","level":"info","event":"Task instance is in running state","logger":"task.stdout"}
{"timestamp":"2026-04-04T17:29:59.232817Z","level":"info","event":" Previous state of the Task instance: TaskInstanceState.QUEUED","logger":"task.stdout"}
{"timestamp":"2026-04-04T17:29:59.233320Z","level":"info","event":"Current task name:run_orders_producer","logger":"task.stdout"}
{"timestamp":"2026-04-04T17:29:59.233380Z","level":"info","event":"Dag name:retailpulse_parallel_producers_spark_staggered","logger":"task.stdout"}
{"timestamp":"2026-04-04T17:29:59.233738Z","level":"info","event":"Tmp dir root location: /var/folders/y6/6k6wb8q12wz11vsjw9xfnycw0000gn/T","logger":"airflow.task.hooks.airflow.providers.standard.hooks.subprocess.SubprocessHook","filename":"subprocess.py","lineno":78}
{"timestamp":"2026-04-04T17:29:59.234081Z","level":"info","event":"Running command: ['/bin/bash', '-c', '/Users/gowthamgoshike/projects/retailvenv/bin/python /Users/gowthamgoshike/projects/retailpulse_real_time_analytics/producers/orders_producer.py']","logger":"airflow.task.hooks.airflow.providers.standard.hooks.subprocess.SubprocessHook","filename":"subprocess.py","lineno":80}
{"timestamp":"2026-04-04T17:29:59.236710Z","level":"info","event":"Output:","logger":"airflow.task.hooks.airflow.providers.standard.hooks.subprocess.SubprocessHook","filename":"subprocess.py","lineno":92}
{"timestamp":"2026-04-04T17:32:09.506206Z","level":"error","event":"Server indicated the task shouldn't be running anymore. Terminating process","detail":{"detail":{"reason":"not_running","message":"TI is no longer in the running state and task should terminate","current_state":"failed"}},"logger":"task"}
{"timestamp":"2026-04-04T17:32:09.506882Z","level":"info","event":"Sending SIGTERM signal to process group","logger":"airflow.task.hooks.airflow.providers.standard.hooks.subprocess.SubprocessHook","filename":"subprocess.py","lineno":110}
{"timestamp":"2026-04-04T17:32:09.510300Z","level":"info","event":"Command exited with return code -15","logger":"airflow.task.hooks.airflow.providers.standard.hooks.subprocess.SubprocessHook","filename":"subprocess.py","lineno":103}
{"timestamp":"2026-04-04T17:32:09.510906Z","level":"error","event":"Task failed with exception","logger":"task","filename":"task_runner.py","lineno":1164,"error_detail":[{"exc_type":"AirflowException","exc_value":"Bash command failed. The command returned a non-zero exit code -15.","exc_notes":[],"syntax_error":null,"is_cause":false,"frames":[{"filename":"/Users/gowthamgoshike/projects/retailvenv/lib/python3.11/site-packages/airflow/sdk/execution_time/task_runner.py","lineno":1112,"name":"run"},{"filename":"/Users/gowthamgoshike/projects/retailvenv/lib/python3.11/site-packages/airflow/sdk/execution_time/task_runner.py","lineno":1528,"name":"_execute_task"},{"filename":"/Users/gowthamgoshike/projects/retailvenv/lib/python3.11/site-packages/airflow/sdk/bases/operator.py","lineno":417,"name":"wrapper"},{"filename":"/Users/gowthamgoshike/projects/retailvenv/lib/python3.11/site-packages/airflow/providers/standard/operators/bash.py","lineno":226,"name":"execute"}],"is_group":false,"exceptions":[]}]}
{"timestamp":"2026-04-04T17:32:09.513485Z","level":"info","event":"Task instance in failure state","logger":"task.stdout"}
{"timestamp":"2026-04-04T17:32:09.514448Z","level":"info","event":"Task start","logger":"task.stdout"}
{"timestamp":"2026-04-04T17:32:09.514497Z","level":"info","event":"Task:<Task(BashOperator): run_orders_producer>","logger":"task.stdout"}
{"timestamp":"2026-04-04T17:32:09.514522Z","level":"info","event":"Failure caused by Bash command failed. The command returned a non-zero exit code -15.","logger":"task.stdout"}
{"timestamp":"2026-04-04T17:32:09.516746Z","level":"error","event":"Task killed!","logger":"task"}
