{"timestamp":"2026-04-04T16:49:35.925025Z","level":"info","event":"Stats instance was created in PID 4377 but accessed in PID 4578. Re-initializing.","logger":"airflow.stats","filename":"stats.py","lineno":57}
{"timestamp":"2026-04-04T16:49:35.926124Z","level":"warning","event":"Could not import pandas. Holidays will not be considered.","logger":"airflow.example_dags.plugins.workday","filename":"workday.py","lineno":41}
{"timestamp":"2026-04-04T16:49:35.934795Z","level":"info","event":"DAG bundles loaded: dags-folder, example_dags","logger":"airflow.dag_processing.bundles.manager.DagBundlesManager","filename":"manager.py","lineno":179}
{"timestamp":"2026-04-04T16:49:35.935102Z","level":"info","event":"Filling up the DagBag from /Users/gowthamgoshike/projects/retailpulse_real_time_analytics/airflow/dags/spark.py","logger":"airflow.models.dagbag.BundleDagBag","filename":"dagbag.py","lineno":593}
{"timestamp":"2026-04-04T16:49:35.938158Z","level":"warning","event":"The `airflow.operators.bash.BashOperator` attribute is deprecated. Please use `'airflow.providers.standard.operators.bash.BashOperator'`.","category":"DeprecatedImportWarning","filename":"/Users/gowthamgoshike/projects/retailpulse_real_time_analytics/airflow/dags/spark.py","lineno":3,"logger":"py.warnings"}
{"timestamp":"2026-04-04T16:49:35.949826Z","level":"info","event":"Task instance is in running state","logger":"task.stdout"}
{"timestamp":"2026-04-04T16:49:35.949888Z","level":"info","event":" Previous state of the Task instance: TaskInstanceState.QUEUED","logger":"task.stdout"}
{"timestamp":"2026-04-04T16:49:35.950096Z","level":"info","event":"Current task name:to_s3","logger":"task.stdout"}
{"timestamp":"2026-04-04T16:49:35.950116Z","level":"info","event":"Dag name:spark_independent_pipeline","logger":"task.stdout"}
{"timestamp":"2026-04-04T16:49:35.950325Z","level":"info","event":"Tmp dir root location: /var/folders/y6/6k6wb8q12wz11vsjw9xfnycw0000gn/T","logger":"airflow.task.hooks.airflow.providers.standard.hooks.subprocess.SubprocessHook","filename":"subprocess.py","lineno":78}
{"timestamp":"2026-04-04T16:49:35.950541Z","level":"info","event":"Running command: ['/bin/bash', '-c', '\\n        source /Users/gowthamgoshike/projects/retailvenv/bin/activate\\n        cd /Users/gowthamgoshike/projects/retailpulse_real_time_analytics\\n\\n        spark-submit         --packages \\norg.apache.spark:spark-sql-kafka-0-10_2.12:3.5.8,\\norg.apache.hadoop:hadoop-aws:3.3.4,\\ncom.amazonaws:aws-java-sdk-bundle:1.12.262\\n         spark_jobs/to_s3.py\\n        ']","logger":"airflow.task.hooks.airflow.providers.standard.hooks.subprocess.SubprocessHook","filename":"subprocess.py","lineno":80}
{"timestamp":"2026-04-04T16:49:35.952396Z","level":"info","event":"Output:","logger":"airflow.task.hooks.airflow.providers.standard.hooks.subprocess.SubprocessHook","filename":"subprocess.py","lineno":92}
{"timestamp":"2026-04-04T16:49:36.042257Z","level":"info","event":"Error: Missing argument for option '--packages'.","logger":"airflow.task.hooks.airflow.providers.standard.hooks.subprocess.SubprocessHook","filename":"subprocess.py","lineno":99}
{"timestamp":"2026-04-04T16:49:36.042368Z","level":"info","event":"","logger":"airflow.task.hooks.airflow.providers.standard.hooks.subprocess.SubprocessHook","filename":"subprocess.py","lineno":99}
{"timestamp":"2026-04-04T16:49:36.566100Z","level":"info","event":"Usage: spark-submit [options] <app jar | python file | R file> [app arguments]","logger":"airflow.task.hooks.airflow.providers.standard.hooks.subprocess.SubprocessHook","filename":"subprocess.py","lineno":99}
{"timestamp":"2026-04-04T16:49:36.566220Z","level":"info","event":"Usage: spark-submit --kill [submission ID] --master [spark://...]","logger":"airflow.task.hooks.airflow.providers.standard.hooks.subprocess.SubprocessHook","filename":"subprocess.py","lineno":99}
{"timestamp":"2026-04-04T16:49:36.566254Z","level":"info","event":"Usage: spark-submit --status [submission ID] --master [spark://...]","logger":"airflow.task.hooks.airflow.providers.standard.hooks.subprocess.SubprocessHook","filename":"subprocess.py","lineno":99}
{"timestamp":"2026-04-04T16:49:36.566277Z","level":"info","event":"Usage: spark-submit run-example [options] example-class [example args]","logger":"airflow.task.hooks.airflow.providers.standard.hooks.subprocess.SubprocessHook","filename":"subprocess.py","lineno":99}
{"timestamp":"2026-04-04T16:49:36.580183Z","level":"info","event":"","logger":"airflow.task.hooks.airflow.providers.standard.hooks.subprocess.SubprocessHook","filename":"subprocess.py","lineno":99}
{"timestamp":"2026-04-04T16:49:36.580298Z","level":"info","event":"Options:","logger":"airflow.task.hooks.airflow.providers.standard.hooks.subprocess.SubprocessHook","filename":"subprocess.py","lineno":99}
{"timestamp":"2026-04-04T16:49:36.580328Z","level":"info","event":"  --master MASTER_URL         spark://host:port, mesos://host:port, yarn,","logger":"airflow.task.hooks.airflow.providers.standard.hooks.subprocess.SubprocessHook","filename":"subprocess.py","lineno":99}
{"timestamp":"2026-04-04T16:49:36.580350Z","level":"info","event":"                              k8s://https://host:port, or local (Default: local[*]).","logger":"airflow.task.hooks.airflow.providers.standard.hooks.subprocess.SubprocessHook","filename":"subprocess.py","lineno":99}
{"timestamp":"2026-04-04T16:49:36.580369Z","level":"info","event":"  --deploy-mode DEPLOY_MODE   Whether to launch the driver program locally (\"client\") or","logger":"airflow.task.hooks.airflow.providers.standard.hooks.subprocess.SubprocessHook","filename":"subprocess.py","lineno":99}
{"timestamp":"2026-04-04T16:49:36.580395Z","level":"info","event":"                              on one of the worker machines inside the cluster (\"cluster\")","logger":"airflow.task.hooks.airflow.providers.standard.hooks.subprocess.SubprocessHook","filename":"subprocess.py","lineno":99}
{"timestamp":"2026-04-04T16:49:36.580415Z","level":"info","event":"                              (Default: client).","logger":"airflow.task.hooks.airflow.providers.standard.hooks.subprocess.SubprocessHook","filename":"subprocess.py","lineno":99}
{"timestamp":"2026-04-04T16:49:36.580435Z","level":"info","event":"  --class CLASS_NAME          Your application's main class (for Java / Scala apps).","logger":"airflow.task.hooks.airflow.providers.standard.hooks.subprocess.SubprocessHook","filename":"subprocess.py","lineno":99}
{"timestamp":"2026-04-04T16:49:36.580453Z","level":"info","event":"  --name NAME                 A name of your application.","logger":"airflow.task.hooks.airflow.providers.standard.hooks.subprocess.SubprocessHook","filename":"subprocess.py","lineno":99}
{"timestamp":"2026-04-04T16:49:36.580471Z","level":"info","event":"  --jars JARS                 Comma-separated list of jars to include on the driver","logger":"airflow.task.hooks.airflow.providers.standard.hooks.subprocess.SubprocessHook","filename":"subprocess.py","lineno":99}
{"timestamp":"2026-04-04T16:49:36.580489Z","level":"info","event":"                              and executor classpaths.","logger":"airflow.task.hooks.airflow.providers.standard.hooks.subprocess.SubprocessHook","filename":"subprocess.py","lineno":99}
{"timestamp":"2026-04-04T16:49:36.580507Z","level":"info","event":"  --packages                  Comma-separated list of maven coordinates of jars to include","logger":"airflow.task.hooks.airflow.providers.standard.hooks.subprocess.SubprocessHook","filename":"subprocess.py","lineno":99}
{"timestamp":"2026-04-04T16:49:36.580526Z","level":"info","event":"                              on the driver and executor classpaths. Will search the local","logger":"airflow.task.hooks.airflow.providers.standard.hooks.subprocess.SubprocessHook","filename":"subprocess.py","lineno":99}
{"timestamp":"2026-04-04T16:49:36.580543Z","level":"info","event":"                              maven repo, then maven central and any additional remote","logger":"airflow.task.hooks.airflow.providers.standard.hooks.subprocess.SubprocessHook","filename":"subprocess.py","lineno":99}
{"timestamp":"2026-04-04T16:49:36.580561Z","level":"info","event":"                              repositories given by --repositories. The format for the","logger":"airflow.task.hooks.airflow.providers.standard.hooks.subprocess.SubprocessHook","filename":"subprocess.py","lineno":99}
{"timestamp":"2026-04-04T16:49:36.580579Z","level":"info","event":"                              coordinates should be groupId:artifactId:version.","logger":"airflow.task.hooks.airflow.providers.standard.hooks.subprocess.SubprocessHook","filename":"subprocess.py","lineno":99}
{"timestamp":"2026-04-04T16:49:36.580597Z","level":"info","event":"  --exclude-packages          Comma-separated list of groupId:artifactId, to exclude while","logger":"airflow.task.hooks.airflow.providers.standard.hooks.subprocess.SubprocessHook","filename":"subprocess.py","lineno":99}
{"timestamp":"2026-04-04T16:49:36.580615Z","level":"info","event":"                              resolving the dependencies provided in --packages to avoid","logger":"airflow.task.hooks.airflow.providers.standard.hooks.subprocess.SubprocessHook","filename":"subprocess.py","lineno":99}
{"timestamp":"2026-04-04T16:49:36.580633Z","level":"info","event":"                              dependency conflicts.","logger":"airflow.task.hooks.airflow.providers.standard.hooks.subprocess.SubprocessHook","filename":"subprocess.py","lineno":99}
{"timestamp":"2026-04-04T16:49:36.580686Z","level":"info","event":"  --repositories              Comma-separated list of additional remote repositories to","logger":"airflow.task.hooks.airflow.providers.standard.hooks.subprocess.SubprocessHook","filename":"subprocess.py","lineno":99}
{"timestamp":"2026-04-04T16:49:36.580729Z","level":"info","event":"                              search for the maven coordinates given with --packages.","logger":"airflow.task.hooks.airflow.providers.standard.hooks.subprocess.SubprocessHook","filename":"subprocess.py","lineno":99}
{"timestamp":"2026-04-04T16:49:36.580751Z","level":"info","event":"  --py-files PY_FILES         Comma-separated list of .zip, .egg, or .py files to place","logger":"airflow.task.hooks.airflow.providers.standard.hooks.subprocess.SubprocessHook","filename":"subprocess.py","lineno":99}
{"timestamp":"2026-04-04T16:49:36.580771Z","level":"info","event":"                              on the PYTHONPATH for Python apps.","logger":"airflow.task.hooks.airflow.providers.standard.hooks.subprocess.SubprocessHook","filename":"subprocess.py","lineno":99}
{"timestamp":"2026-04-04T16:49:36.580789Z","level":"info","event":"  --files FILES               Comma-separated list of files to be placed in the working","logger":"airflow.task.hooks.airflow.providers.standard.hooks.subprocess.SubprocessHook","filename":"subprocess.py","lineno":99}
{"timestamp":"2026-04-04T16:49:36.580806Z","level":"info","event":"                              directory of each executor. File paths of these files","logger":"airflow.task.hooks.airflow.providers.standard.hooks.subprocess.SubprocessHook","filename":"subprocess.py","lineno":99}
{"timestamp":"2026-04-04T16:49:36.580825Z","level":"info","event":"                              in executors can be accessed via SparkFiles.get(fileName).","logger":"airflow.task.hooks.airflow.providers.standard.hooks.subprocess.SubprocessHook","filename":"subprocess.py","lineno":99}
{"timestamp":"2026-04-04T16:49:36.580842Z","level":"info","event":"  --archives ARCHIVES         Comma-separated list of archives to be extracted into the","logger":"airflow.task.hooks.airflow.providers.standard.hooks.subprocess.SubprocessHook","filename":"subprocess.py","lineno":99}
{"timestamp":"2026-04-04T16:49:36.580860Z","level":"info","event":"                              working directory of each executor.","logger":"airflow.task.hooks.airflow.providers.standard.hooks.subprocess.SubprocessHook","filename":"subprocess.py","lineno":99}
{"timestamp":"2026-04-04T16:49:36.580878Z","level":"info","event":"","logger":"airflow.task.hooks.airflow.providers.standard.hooks.subprocess.SubprocessHook","filename":"subprocess.py","lineno":99}
{"timestamp":"2026-04-04T16:49:36.580896Z","level":"info","event":"  --conf, -c PROP=VALUE       Arbitrary Spark configuration property.","logger":"airflow.task.hooks.airflow.providers.standard.hooks.subprocess.SubprocessHook","filename":"subprocess.py","lineno":99}
{"timestamp":"2026-04-04T16:49:36.580917Z","level":"info","event":"  --properties-file FILE      Path to a file from which to load extra properties. If not","logger":"airflow.task.hooks.airflow.providers.standard.hooks.subprocess.SubprocessHook","filename":"subprocess.py","lineno":99}
{"timestamp":"2026-04-04T16:49:36.580934Z","level":"info","event":"                              specified, this will look for conf/spark-defaults.conf.","logger":"airflow.task.hooks.airflow.providers.standard.hooks.subprocess.SubprocessHook","filename":"subprocess.py","lineno":99}
{"timestamp":"2026-04-04T16:49:36.580950Z","level":"info","event":"","logger":"airflow.task.hooks.airflow.providers.standard.hooks.subprocess.SubprocessHook","filename":"subprocess.py","lineno":99}
{"timestamp":"2026-04-04T16:49:36.580967Z","level":"info","event":"  --driver-memory MEM         Memory for driver (e.g. 1000M, 2G) (Default: 1024M).","logger":"airflow.task.hooks.airflow.providers.standard.hooks.subprocess.SubprocessHook","filename":"subprocess.py","lineno":99}
{"timestamp":"2026-04-04T16:49:36.580984Z","level":"info","event":"  --driver-java-options       Extra Java options to pass to the driver.","logger":"airflow.task.hooks.airflow.providers.standard.hooks.subprocess.SubprocessHook","filename":"subprocess.py","lineno":99}
{"timestamp":"2026-04-04T16:49:36.581001Z","level":"info","event":"  --driver-library-path       Extra library path entries to pass to the driver.","logger":"airflow.task.hooks.airflow.providers.standard.hooks.subprocess.SubprocessHook","filename":"subprocess.py","lineno":99}
{"timestamp":"2026-04-04T16:49:36.581018Z","level":"info","event":"  --driver-class-path         Extra class path entries to pass to the driver. Note that","logger":"airflow.task.hooks.airflow.providers.standard.hooks.subprocess.SubprocessHook","filename":"subprocess.py","lineno":99}
{"timestamp":"2026-04-04T16:49:36.581035Z","level":"info","event":"                              jars added with --jars are automatically included in the","logger":"airflow.task.hooks.airflow.providers.standard.hooks.subprocess.SubprocessHook","filename":"subprocess.py","lineno":99}
{"timestamp":"2026-04-04T16:49:36.581052Z","level":"info","event":"                              classpath.","logger":"airflow.task.hooks.airflow.providers.standard.hooks.subprocess.SubprocessHook","filename":"subprocess.py","lineno":99}
{"timestamp":"2026-04-04T16:49:36.581069Z","level":"info","event":"","logger":"airflow.task.hooks.airflow.providers.standard.hooks.subprocess.SubprocessHook","filename":"subprocess.py","lineno":99}
{"timestamp":"2026-04-04T16:49:36.581086Z","level":"info","event":"  --executor-memory MEM       Memory per executor (e.g. 1000M, 2G) (Default: 1G).","logger":"airflow.task.hooks.airflow.providers.standard.hooks.subprocess.SubprocessHook","filename":"subprocess.py","lineno":99}
{"timestamp":"2026-04-04T16:49:36.581103Z","level":"info","event":"","logger":"airflow.task.hooks.airflow.providers.standard.hooks.subprocess.SubprocessHook","filename":"subprocess.py","lineno":99}
{"timestamp":"2026-04-04T16:49:36.581120Z","level":"info","event":"  --proxy-user NAME           User to impersonate when submitting the application.","logger":"airflow.task.hooks.airflow.providers.standard.hooks.subprocess.SubprocessHook","filename":"subprocess.py","lineno":99}
{"timestamp":"2026-04-04T16:49:36.581136Z","level":"info","event":"                              This argument does not work with --principal / --keytab.","logger":"airflow.task.hooks.airflow.providers.standard.hooks.subprocess.SubprocessHook","filename":"subprocess.py","lineno":99}
{"timestamp":"2026-04-04T16:49:36.581153Z","level":"info","event":"","logger":"airflow.task.hooks.airflow.providers.standard.hooks.subprocess.SubprocessHook","filename":"subprocess.py","lineno":99}
{"timestamp":"2026-04-04T16:49:36.581170Z","level":"info","event":"  --help, -h                  Show this help message and exit.","logger":"airflow.task.hooks.airflow.providers.standard.hooks.subprocess.SubprocessHook","filename":"subprocess.py","lineno":99}
{"timestamp":"2026-04-04T16:49:36.581187Z","level":"info","event":"  --verbose, -v               Print additional debug output.","logger":"airflow.task.hooks.airflow.providers.standard.hooks.subprocess.SubprocessHook","filename":"subprocess.py","lineno":99}
{"timestamp":"2026-04-04T16:49:36.581205Z","level":"info","event":"  --version,                  Print the version of current Spark.","logger":"airflow.task.hooks.airflow.providers.standard.hooks.subprocess.SubprocessHook","filename":"subprocess.py","lineno":99}
{"timestamp":"2026-04-04T16:49:36.581222Z","level":"info","event":"","logger":"airflow.task.hooks.airflow.providers.standard.hooks.subprocess.SubprocessHook","filename":"subprocess.py","lineno":99}
{"timestamp":"2026-04-04T16:49:36.581240Z","level":"info","event":" Spark Connect only:","logger":"airflow.task.hooks.airflow.providers.standard.hooks.subprocess.SubprocessHook","filename":"subprocess.py","lineno":99}
{"timestamp":"2026-04-04T16:49:36.581257Z","level":"info","event":"   --remote CONNECT_URL       URL to connect to the server for Spark Connect, e.g.,","logger":"airflow.task.hooks.airflow.providers.standard.hooks.subprocess.SubprocessHook","filename":"subprocess.py","lineno":99}
{"timestamp":"2026-04-04T16:49:36.581274Z","level":"info","event":"                              sc://host:port. --master and --deploy-mode cannot be set","logger":"airflow.task.hooks.airflow.providers.standard.hooks.subprocess.SubprocessHook","filename":"subprocess.py","lineno":99}
{"timestamp":"2026-04-04T16:49:36.581291Z","level":"info","event":"                              together with this option. This option is experimental, and","logger":"airflow.task.hooks.airflow.providers.standard.hooks.subprocess.SubprocessHook","filename":"subprocess.py","lineno":99}
{"timestamp":"2026-04-04T16:49:36.581308Z","level":"info","event":"                              might change between minor releases.","logger":"airflow.task.hooks.airflow.providers.standard.hooks.subprocess.SubprocessHook","filename":"subprocess.py","lineno":99}
{"timestamp":"2026-04-04T16:49:36.581324Z","level":"info","event":"","logger":"airflow.task.hooks.airflow.providers.standard.hooks.subprocess.SubprocessHook","filename":"subprocess.py","lineno":99}
{"timestamp":"2026-04-04T16:49:36.581341Z","level":"info","event":" Cluster deploy mode only:","logger":"airflow.task.hooks.airflow.providers.standard.hooks.subprocess.SubprocessHook","filename":"subprocess.py","lineno":99}
{"timestamp":"2026-04-04T16:49:36.581358Z","level":"info","event":"  --driver-cores NUM          Number of cores used by the driver, only in cluster mode","logger":"airflow.task.hooks.airflow.providers.standard.hooks.subprocess.SubprocessHook","filename":"subprocess.py","lineno":99}
{"timestamp":"2026-04-04T16:49:36.581375Z","level":"info","event":"                              (Default: 1).","logger":"airflow.task.hooks.airflow.providers.standard.hooks.subprocess.SubprocessHook","filename":"subprocess.py","lineno":99}
{"timestamp":"2026-04-04T16:49:36.581537Z","level":"info","event":"","logger":"airflow.task.hooks.airflow.providers.standard.hooks.subprocess.SubprocessHook","filename":"subprocess.py","lineno":99}
{"timestamp":"2026-04-04T16:49:36.581584Z","level":"info","event":" Spark standalone or Mesos with cluster deploy mode only:","logger":"airflow.task.hooks.airflow.providers.standard.hooks.subprocess.SubprocessHook","filename":"subprocess.py","lineno":99}
{"timestamp":"2026-04-04T16:49:36.581657Z","level":"info","event":"  --supervise                 If given, restarts the driver on failure.","logger":"airflow.task.hooks.airflow.providers.standard.hooks.subprocess.SubprocessHook","filename":"subprocess.py","lineno":99}
{"timestamp":"2026-04-04T16:49:36.581680Z","level":"info","event":"","logger":"airflow.task.hooks.airflow.providers.standard.hooks.subprocess.SubprocessHook","filename":"subprocess.py","lineno":99}
{"timestamp":"2026-04-04T16:49:36.581747Z","level":"info","event":" Spark standalone, Mesos or K8s with cluster deploy mode only:","logger":"airflow.task.hooks.airflow.providers.standard.hooks.subprocess.SubprocessHook","filename":"subprocess.py","lineno":99}
{"timestamp":"2026-04-04T16:49:36.581767Z","level":"info","event":"  --kill SUBMISSION_ID        If given, kills the driver specified.","logger":"airflow.task.hooks.airflow.providers.standard.hooks.subprocess.SubprocessHook","filename":"subprocess.py","lineno":99}
{"timestamp":"2026-04-04T16:49:36.581777Z","level":"info","event":"  --status SUBMISSION_ID      If given, requests the status of the driver specified.","logger":"airflow.task.hooks.airflow.providers.standard.hooks.subprocess.SubprocessHook","filename":"subprocess.py","lineno":99}
{"timestamp":"2026-04-04T16:49:36.581784Z","level":"info","event":"","logger":"airflow.task.hooks.airflow.providers.standard.hooks.subprocess.SubprocessHook","filename":"subprocess.py","lineno":99}
{"timestamp":"2026-04-04T16:49:36.581792Z","level":"info","event":" Spark standalone and Mesos only:","logger":"airflow.task.hooks.airflow.providers.standard.hooks.subprocess.SubprocessHook","filename":"subprocess.py","lineno":99}
{"timestamp":"2026-04-04T16:49:36.581799Z","level":"info","event":"  --total-executor-cores NUM  Total cores for all executors.","logger":"airflow.task.hooks.airflow.providers.standard.hooks.subprocess.SubprocessHook","filename":"subprocess.py","lineno":99}
{"timestamp":"2026-04-04T16:49:36.581805Z","level":"info","event":"","logger":"airflow.task.hooks.airflow.providers.standard.hooks.subprocess.SubprocessHook","filename":"subprocess.py","lineno":99}
{"timestamp":"2026-04-04T16:49:36.581812Z","level":"info","event":" Spark standalone, YARN and Kubernetes only:","logger":"airflow.task.hooks.airflow.providers.standard.hooks.subprocess.SubprocessHook","filename":"subprocess.py","lineno":99}
{"timestamp":"2026-04-04T16:49:36.581819Z","level":"info","event":"  --executor-cores NUM        Number of cores used by each executor. (Default: 1 in","logger":"airflow.task.hooks.airflow.providers.standard.hooks.subprocess.SubprocessHook","filename":"subprocess.py","lineno":99}
{"timestamp":"2026-04-04T16:49:36.581825Z","level":"info","event":"                              YARN and K8S modes, or all available cores on the worker","logger":"airflow.task.hooks.airflow.providers.standard.hooks.subprocess.SubprocessHook","filename":"subprocess.py","lineno":99}
{"timestamp":"2026-04-04T16:49:36.581834Z","level":"info","event":"                              in standalone mode).","logger":"airflow.task.hooks.airflow.providers.standard.hooks.subprocess.SubprocessHook","filename":"subprocess.py","lineno":99}
{"timestamp":"2026-04-04T16:49:36.581841Z","level":"info","event":"","logger":"airflow.task.hooks.airflow.providers.standard.hooks.subprocess.SubprocessHook","filename":"subprocess.py","lineno":99}
{"timestamp":"2026-04-04T16:49:36.581848Z","level":"info","event":" Spark on YARN and Kubernetes only:","logger":"airflow.task.hooks.airflow.providers.standard.hooks.subprocess.SubprocessHook","filename":"subprocess.py","lineno":99}
{"timestamp":"2026-04-04T16:49:36.581946Z","level":"info","event":"  --num-executors NUM         Number of executors to launch (Default: 2).","logger":"airflow.task.hooks.airflow.providers.standard.hooks.subprocess.SubprocessHook","filename":"subprocess.py","lineno":99}
{"timestamp":"2026-04-04T16:49:36.581999Z","level":"info","event":"                              If dynamic allocation is enabled, the initial number of","logger":"airflow.task.hooks.airflow.providers.standard.hooks.subprocess.SubprocessHook","filename":"subprocess.py","lineno":99}
{"timestamp":"2026-04-04T16:49:36.582021Z","level":"info","event":"                              executors will be at least NUM.","logger":"airflow.task.hooks.airflow.providers.standard.hooks.subprocess.SubprocessHook","filename":"subprocess.py","lineno":99}
{"timestamp":"2026-04-04T16:49:36.582040Z","level":"info","event":"  --principal PRINCIPAL       Principal to be used to login to KDC.","logger":"airflow.task.hooks.airflow.providers.standard.hooks.subprocess.SubprocessHook","filename":"subprocess.py","lineno":99}
{"timestamp":"2026-04-04T16:49:36.582068Z","level":"info","event":"  --keytab KEYTAB             The full path to the file that contains the keytab for the","logger":"airflow.task.hooks.airflow.providers.standard.hooks.subprocess.SubprocessHook","filename":"subprocess.py","lineno":99}
{"timestamp":"2026-04-04T16:49:36.582085Z","level":"info","event":"                              principal specified above.","logger":"airflow.task.hooks.airflow.providers.standard.hooks.subprocess.SubprocessHook","filename":"subprocess.py","lineno":99}
{"timestamp":"2026-04-04T16:49:36.582103Z","level":"info","event":"","logger":"airflow.task.hooks.airflow.providers.standard.hooks.subprocess.SubprocessHook","filename":"subprocess.py","lineno":99}
{"timestamp":"2026-04-04T16:49:36.582120Z","level":"info","event":" Spark on YARN only:","logger":"airflow.task.hooks.airflow.providers.standard.hooks.subprocess.SubprocessHook","filename":"subprocess.py","lineno":99}
{"timestamp":"2026-04-04T16:49:36.582176Z","level":"info","event":"  --queue QUEUE_NAME          The YARN queue to submit to (Default: \"default\").","logger":"airflow.task.hooks.airflow.providers.standard.hooks.subprocess.SubprocessHook","filename":"subprocess.py","lineno":99}
{"timestamp":"2026-04-04T16:49:36.582193Z","level":"info","event":"","logger":"airflow.task.hooks.airflow.providers.standard.hooks.subprocess.SubprocessHook","filename":"subprocess.py","lineno":99}
{"timestamp":"2026-04-04T16:49:36.587646Z","level":"info","event":"/bin/bash: line 5: org.apache.spark:spark-sql-kafka-0-10_2.12:3.5.8,: command not found","logger":"airflow.task.hooks.airflow.providers.standard.hooks.subprocess.SubprocessHook","filename":"subprocess.py","lineno":99}
{"timestamp":"2026-04-04T16:49:36.588208Z","level":"info","event":"/bin/bash: line 6: org.apache.hadoop:hadoop-aws:3.3.4,: command not found","logger":"airflow.task.hooks.airflow.providers.standard.hooks.subprocess.SubprocessHook","filename":"subprocess.py","lineno":99}
{"timestamp":"2026-04-04T16:49:36.588967Z","level":"info","event":"/bin/bash: line 7: com.amazonaws:aws-java-sdk-bundle:1.12.262: command not found","logger":"airflow.task.hooks.airflow.providers.standard.hooks.subprocess.SubprocessHook","filename":"subprocess.py","lineno":99}
{"timestamp":"2026-04-04T16:49:36.589424Z","level":"info","event":"/bin/bash: line 8: spark_jobs/to_s3.py: Permission denied","logger":"airflow.task.hooks.airflow.providers.standard.hooks.subprocess.SubprocessHook","filename":"subprocess.py","lineno":99}
{"timestamp":"2026-04-04T16:49:36.589758Z","level":"info","event":"Command exited with return code 126","logger":"airflow.task.hooks.airflow.providers.standard.hooks.subprocess.SubprocessHook","filename":"subprocess.py","lineno":103}
{"timestamp":"2026-04-04T16:49:36.590235Z","level":"error","event":"Task failed with exception","logger":"task","filename":"task_runner.py","lineno":1164,"error_detail":[{"exc_type":"AirflowException","exc_value":"Bash command failed. The command returned a non-zero exit code 126.","exc_notes":[],"syntax_error":null,"is_cause":false,"frames":[{"filename":"/Users/gowthamgoshike/projects/retailvenv/lib/python3.11/site-packages/airflow/sdk/execution_time/task_runner.py","lineno":1112,"name":"run"},{"filename":"/Users/gowthamgoshike/projects/retailvenv/lib/python3.11/site-packages/airflow/sdk/execution_time/task_runner.py","lineno":1528,"name":"_execute_task"},{"filename":"/Users/gowthamgoshike/projects/retailvenv/lib/python3.11/site-packages/airflow/sdk/bases/operator.py","lineno":417,"name":"wrapper"},{"filename":"/Users/gowthamgoshike/projects/retailvenv/lib/python3.11/site-packages/airflow/providers/standard/operators/bash.py","lineno":226,"name":"execute"}],"is_group":false,"exceptions":[]}]}
{"timestamp":"2026-04-04T16:49:36.597281Z","level":"info","event":"Task instance in failure state","logger":"task.stdout"}
{"timestamp":"2026-04-04T16:49:36.597878Z","level":"info","event":"Task start","logger":"task.stdout"}
{"timestamp":"2026-04-04T16:49:36.597950Z","level":"info","event":"Task:<Task(BashOperator): to_s3>","logger":"task.stdout"}
{"timestamp":"2026-04-04T16:49:36.597983Z","level":"info","event":"Failure caused by Bash command failed. The command returned a non-zero exit code 126.","logger":"task.stdout"}
